#
# A fatal error has been detected by the Java Runtime Environment:
#
#  SIGSEGV (0xb) at pc=0x00007fe9d5dfae6a, pid=13611, tid=13624
#
# JRE version: OpenJDK Runtime Environment (11.0.7+10) (build 11.0.7+10-post-Ubuntu-3ubuntu1)
# Java VM: OpenJDK 64-Bit Server VM (11.0.7+10-post-Ubuntu-3ubuntu1, mixed mode, sharing, tiered, compressed oops, g1 gc, linux-amd64)
# Problematic frame:
# V  [libjvm.so+0x62be6a]
#
# Core dump will be written. Default location: Core dumps may be processed with "/usr/share/apport/apport %p %s %c %d %P %E" (or dumping to /home/suriya/Work/ws/projects/patient-info-parser/core.13611)
#
# If you would like to submit a bug report, please visit:
#   https://bugs.launchpad.net/ubuntu/+source/openjdk-lts
#

---------------  S U M M A R Y ------------

Command Line: -agentlib:jdwp=transport=dt_socket,suspend=y,address=localhost:40777 -Dcom.sun.management.jmxremote -Dcom.sun.management.jmxremote.port=37571 -Dcom.sun.management.jmxremote.authenticate=false -Dcom.sun.management.jmxremote.ssl=false -Djava.rmi.server.hostname=localhost -Dspring.jmx.enabled=true -Dspring.application.admin.enabled=true -Djava.security.egd=file:/dev/./urandom -Xverify:none -XX:TieredStopAtLevel=1 -Dspring.boot.project.name=patient-info-parser -javaagent:/home/suriya/Work/Softwares/sts-4.6.2.RELEASE/configuration/org.eclipse.osgi/239/0/.cp/lib/javaagent-shaded.jar -Dfile.encoding=UTF-8 com.content.parser.PatientInfoParserApplication --spring.output.ansi.enabled=always

Host: Intel(R) Core(TM) i9-9980HK CPU @ 2.40GHz, 4 cores, 7G, Ubuntu 20.04 LTS
Time: Wed Sep  2 17:07:41 2020 EDT elapsed time: 61 seconds (0d 0h 1m 1s)

---------------  T H R E A D  ---------------

Current thread (0x00007fe9d017a800):  VMThread "VM Thread" [stack: 0x00007fe9b003f000,0x00007fe9b013f000] [id=13624]

Stack: [0x00007fe9b003f000,0x00007fe9b013f000],  sp=0x00007fe9b013d620,  free space=1017k
Native frames: (J=compiled Java code, A=aot compiled Java code, j=interpreted, Vv=VM code, C=native code)
V  [libjvm.so+0x62be6a]
V  [libjvm.so+0xb20ed5]
V  [libjvm.so+0xb21a6a]
V  [libjvm.so+0x9c6c43]
V  [libjvm.so+0x9c7ca1]
V  [libjvm.so+0x9c82de]
V  [libjvm.so+0xd8eaf0]
V  [libjvm.so+0xd94927]
V  [libjvm.so+0xd94f60]
V  [libjvm.so+0xd952c6]
V  [libjvm.so+0xd1e610]
V  [libjvm.so+0xb8e5e6]


siginfo: si_signo: 11 (SIGSEGV), si_code: 2 (SEGV_ACCERR), si_addr: 0x00007fe96c6d94e0

Register to memory mapping:

RAX=0x00007fe96c6d94e0 is an unknown value
RBX=0x000000000000ffff is an unknown value
RCX=0x0000000000000001 is an unknown value
RDX=0x00007fe96c4d8fb8 is pointing into metadata
RSP=0x00007fe9b013d620 points into unknown readable memory: 28 23 4b 00 08 00 00 00
RBP=0x00007fe9b013d630 points into unknown readable memory: b0 d6 13 b0 e9 7f 00 00
RSI=0x00000000001fffe0 is an unknown value
RDI=0x00007fe96c4d8e20 is pointing into metadata
R8 ={method} {0x00007fe96c4d9008} '<init>' '()V' in 'com/content/parser/controller/InputHandlerController'
R9 =0x00007fe9d017af30 points into unknown readable memory: f0 d4 bd 6e e9 7f 00 00
R10=0x00007fe96ebdd270 is pointing into metadata
R11=0x00007fe96c4d8e20 is pointing into metadata
R12=0x00007fe96c4d8e20 is pointing into metadata
R13=0x0 is NULL
R14=0x00000000000000b7 is an unknown value
R15=0x00007fe96c4d8ff1 is pointing into metadata


Registers:
RAX=0x00007fe96c6d94e0, RBX=0x000000000000ffff, RCX=0x0000000000000001, RDX=0x00007fe96c4d8fb8
RSP=0x00007fe9b013d620, RBP=0x00007fe9b013d630, RSI=0x00000000001fffe0, RDI=0x00007fe96c4d8e20
R8 =0x00007fe96c4d9008, R9 =0x00007fe9d017af30, R10=0x00007fe96ebdd270, R11=0x00007fe96c4d8e20
R12=0x00007fe96c4d8e20, R13=0x0000000000000000, R14=0x00000000000000b7, R15=0x00007fe96c4d8ff1
RIP=0x00007fe9d5dfae6a, EFLAGS=0x0000000000010202, CSGSFS=0x002b000000000033, ERR=0x0000000000000004
  TRAPNO=0x000000000000000e

Top of Stack: (sp=0x00007fe9b013d620)
0x00007fe9b013d620:   00000008004b2328 000000000000ffff
0x00007fe9b013d630:   00007fe9b013d6b0 00007fe9d62efed5
0x00007fe9b013d640:   0000000000000000 00007fe9b970c430
0x00007fe9b013d650:   00007fe9b970c430 00007fe9b970c290 

Instructions: (pc=0x00007fe9d5dfae6a)
0x00007fe9d5dfad6a:   9a 8a 80 00 48 8d 15 cb 8a 80 00 be 91 02 00 00
0x00007fe9d5dfad7a:   48 8d 3d ff 8a 80 00 48 8b 00 c6 00 58 31 c0 e8
0x00007fe9d5dfad8a:   d2 c5 00 00 e8 8d ae 55 00 eb 99 90 66 2e 0f 1f
0x00007fe9d5dfad9a:   84 00 00 00 00 00 f3 0f 1e fa 48 8b 47 10 48 63
0x00007fe9d5dfadaa:   f6 48 c1 e6 05 48 8d 44 30 28 48 8b 00 0f b7 c0
0x00007fe9d5dfadba:   c3 90 0f 1f 40 00 f3 0f 1e fa 8b 46 08 48 89 d1
0x00007fe9d5dfadca:   05 00 00 00 40 3d 00 00 00 40 76 1a 48 8b 07 ba
0x00007fe9d5dfadda:   01 00 00 00 48 8b 78 18 e9 79 25 3e 00 66 0f 1f
0x00007fe9d5dfadea:   84 00 00 00 00 00 c3 90 66 66 2e 0f 1f 84 00 00
0x00007fe9d5dfadfa:   00 00 00 0f 1f 00 f3 0f 1e fa 48 63 f6 0f b7 44
0x00007fe9d5dfae0a:   f7 40 c3 90 66 90 f3 0f 1e fa 48 63 f6 0f b7 44
0x00007fe9d5dfae1a:   f7 42 c3 90 66 90 f3 0f 1e fa 48 63 f6 0f b7 44
0x00007fe9d5dfae2a:   f7 42 48 8b 44 c7 40 c3 66 66 2e 0f 1f 84 00 00
0x00007fe9d5dfae3a:   00 00 00 0f 1f 00 f3 0f 1e fa 55 48 89 e5 41 54
0x00007fe9d5dfae4a:   49 89 fc 53 89 f3 85 f6 78 3c 49 8b 44 24 10 48
0x00007fe9d5dfae5a:   63 f3 48 85 c0 74 0f 48 c1 e6 05 48 8d 44 30 28
0x00007fe9d5dfae6a:   48 8b 30 0f b7 f6 41 0f b7 44 f4 40 5b 41 0f b7
0x00007fe9d5dfae7a:   44 c4 42 49 8b 44 c4 40 41 5c 5d c3 66 2e 0f 1f
0x00007fe9d5dfae8a:   84 00 00 00 00 00 48 8d 05 d1 d3 ac 00 48 8d 0d
0x00007fe9d5dfae9a:   6a 89 80 00 48 8d 15 9b 89 80 00 be 91 02 00 00
0x00007fe9d5dfaeaa:   48 8d 3d cf 89 80 00 48 8b 00 c6 00 58 31 c0 e8
0x00007fe9d5dfaeba:   a2 c4 00 00 e8 5d ad 55 00 eb 8f 90 66 2e 0f 1f
0x00007fe9d5dfaeca:   84 00 00 00 00 00 f3 0f 1e fa 55 48 89 e5 41 54
0x00007fe9d5dfaeda:   49 89 fc 53 48 63 de 85 db 78 1b 41 0f b7 44 dc
0x00007fe9d5dfaeea:   40 5b 41 0f b7 44 c4 42 49 8b 44 c4 40 41 5c 5d
0x00007fe9d5dfaefa:   c3 0f 1f 44 00 00 48 8d 05 61 d3 ac 00 48 8d 0d
0x00007fe9d5dfaf0a:   fa 88 80 00 48 8d 15 2b 89 80 00 be 91 02 00 00
0x00007fe9d5dfaf1a:   48 8d 3d 5f 89 80 00 48 8b 00 c6 00 58 31 c0 e8
0x00007fe9d5dfaf2a:   32 c4 00 00 e8 ed ac 55 00 eb b0 90 66 2e 0f 1f
0x00007fe9d5dfaf3a:   84 00 00 00 00 00 f3 0f 1e fa 48 63 f6 48 8d 44
0x00007fe9d5dfaf4a:   f7 40 48 8b 38 48 83 e7 fe e9 38 e7 6a 00 0f 1f
0x00007fe9d5dfaf5a:   84 00 00 00 00 00 f3 0f 1e fa 48 63 f6 48 8b 7c 


Stack slot to memory mapping:
stack at sp + 0 slots: 0x00000008004b2328 is pointing into metadata
stack at sp + 1 slots: 0x000000000000ffff is an unknown value
stack at sp + 2 slots: 0x00007fe9b013d6b0 points into unknown readable memory: 70 d7 13 b0 e9 7f 00 00
stack at sp + 3 slots: 0x00007fe9d62efed5: <offset 0x0000000000b20ed5> in /usr/lib/jvm/java-11-openjdk-amd64/lib/server/libjvm.so at 0x00007fe9d57cf000
stack at sp + 4 slots: 0x0 is NULL
stack at sp + 5 slots: 0x00007fe9b970c430 is at entry_point+-16 in (nmethod*)0x00007fe9b970c290
stack at sp + 6 slots: 0x00007fe9b970c430 is at entry_point+-16 in (nmethod*)0x00007fe9b970c290
stack at sp + 7 slots: 0x00007fe9b970c290 is at entry_point+-432 in (nmethod*)0x00007fe9b970c290

VM_Operation (0x00007fe9a841a970): RedefineClasses, mode: safepoint, requested by thread 0x00007fe9d01eb000, redefining class com.content.parser.controller.InputHandlerController



---------------  P R O C E S S  ---------------

Threads class SMR info:
_java_thread_list=0x00007fe990001240, length=41, elements={
0x00007fe9d017d800, 0x00007fe9d017f800, 0x00007fe9d0185000, 0x00007fe9d0187000,
0x00007fe9d0189000, 0x00007fe9d01a7800, 0x00007fe9d01eb000, 0x00007fe9d01ee800,
0x00007fe978001800, 0x00007fe9d0484800, 0x00007fe9d0532000, 0x00007fe9d053b800,
0x00007fe9d0553000, 0x00007fe988001000, 0x00007fe960002000, 0x00007fe94c00f800,
0x00007fe968002000, 0x00007fe94400d800, 0x00007fe9d0f1f800, 0x00007fe93c164000,
0x00007fe9d0f25800, 0x00007fe9d101c000, 0x00007fe9d101e000, 0x00007fe9d101f800,
0x00007fe9d1021000, 0x00007fe9d1023000, 0x00007fe9d1025800, 0x00007fe9d1027800,
0x00007fe9d1029800, 0x00007fe9d102b800, 0x00007fe9d102d000, 0x00007fe9d102f000,
0x00007fe9d1035800, 0x00007fe9d0bea800, 0x00007fe9d001a000, 0x00007fe960004800,
0x00007fe960006800, 0x00007fe960008000, 0x00007fe968005000, 0x00007fe968007000,
0x00007fe968009000
}

Java Threads: ( => current thread )
  0x00007fe9d017d800 JavaThread "Reference Handler" daemon [_thread_blocked, id=13625, stack(0x00007fe9a96ff000,0x00007fe9a9800000)]
  0x00007fe9d017f800 JavaThread "Finalizer" daemon [_thread_blocked, id=13626, stack(0x00007fe9a95fe000,0x00007fe9a96ff000)]
  0x00007fe9d0185000 JavaThread "Signal Dispatcher" daemon [_thread_blocked, id=13627, stack(0x00007fe9a871f000,0x00007fe9a8820000)]
  0x00007fe9d0187000 JavaThread "C1 CompilerThread0" daemon [_thread_blocked, id=13628, stack(0x00007fe9a861e000,0x00007fe9a871f000)]
  0x00007fe9d0189000 JavaThread "Sweeper thread" daemon [_thread_blocked, id=13629, stack(0x00007fe9a851d000,0x00007fe9a861e000)]
  0x00007fe9d01a7800 JavaThread "Common-Cleaner" daemon [_thread_blocked, id=13630, stack(0x00007fe9a841c000,0x00007fe9a851d000)]
  0x00007fe9d01eb000 JavaThread "JDWP Transport Listener: dt_socket" daemon [_thread_blocked, id=13632, stack(0x00007fe9a831b000,0x00007fe9a841c000)]
  0x00007fe9d01ee800 JavaThread "JDWP Event Helper Thread" daemon [_thread_blocked, id=13634, stack(0x00007fe9a821a000,0x00007fe9a831b000)]
  0x00007fe978001800 JavaThread "JDWP Command Reader" daemon [_thread_in_native, id=13636, stack(0x00007fe9a8119000,0x00007fe9a821a000)]
  0x00007fe9d0484800 JavaThread "Service Thread" daemon [_thread_blocked, id=13639, stack(0x00007fe9a8018000,0x00007fe9a8119000)]
  0x00007fe9d0532000 JavaThread "RMI TCP Accept-0" daemon [_thread_in_native, id=13640, stack(0x00007fe96feff000,0x00007fe970000000)]
  0x00007fe9d053b800 JavaThread "RMI TCP Accept-37571" daemon [_thread_in_native, id=13641, stack(0x00007fe96fdfe000,0x00007fe96feff000)]
  0x00007fe9d0553000 JavaThread "RMI TCP Accept-0" daemon [_thread_in_native, id=13644, stack(0x00007fe96faf9000,0x00007fe96fbfa000)]
  0x00007fe988001000 JavaThread "Attach Listener" daemon [_thread_blocked, id=13647, stack(0x00007fe96f7f4000,0x00007fe96f8f5000)]
  0x00007fe960002000 JavaThread "RMI TCP Connection(idle)" daemon [_thread_blocked, id=13648, stack(0x00007fe96f6f3000,0x00007fe96f7f4000)]
  0x00007fe94c00f800 JavaThread "RMI Scheduler(0)" daemon [_thread_blocked, id=13650, stack(0x00007fe96f5f2000,0x00007fe96f6f3000)]
  0x00007fe968002000 JavaThread "RMI TCP Connection(idle)" daemon [_thread_blocked, id=13651, stack(0x00007fe96f4f1000,0x00007fe96f5f2000)]
  0x00007fe94400d800 JavaThread "JMX server connection timeout 22" daemon [_thread_blocked, id=13652, stack(0x00007fe96f3f0000,0x00007fe96f4f1000)]
  0x00007fe9d0f1f800 JavaThread "Catalina-utility-1" [_thread_blocked, id=13657, stack(0x00007fe96eeef000,0x00007fe96eff0000)]
  0x00007fe93c164000 JavaThread "Catalina-utility-2" [_thread_blocked, id=13658, stack(0x00007fe96e2ec000,0x00007fe96e3ed000)]
  0x00007fe9d0f25800 JavaThread "container-0" [_thread_blocked, id=13659, stack(0x00007fe96e1eb000,0x00007fe96e2ec000)]
  0x00007fe9d101c000 JavaThread "http-nio-8080-BlockPoller" daemon [_thread_in_native, id=13662, stack(0x00007fe96dcea000,0x00007fe96ddeb000)]
  0x00007fe9d101e000 JavaThread "http-nio-8080-exec-1" daemon [_thread_blocked, id=13663, stack(0x00007fe96dbe9000,0x00007fe96dcea000)]
  0x00007fe9d101f800 JavaThread "http-nio-8080-exec-2" daemon [_thread_blocked, id=13664, stack(0x00007fe96dae8000,0x00007fe96dbe9000)]
  0x00007fe9d1021000 JavaThread "http-nio-8080-exec-3" daemon [_thread_blocked, id=13665, stack(0x00007fe96d9e7000,0x00007fe96dae8000)]
  0x00007fe9d1023000 JavaThread "http-nio-8080-exec-4" daemon [_thread_blocked, id=13666, stack(0x00007fe96d8e6000,0x00007fe96d9e7000)]
  0x00007fe9d1025800 JavaThread "http-nio-8080-exec-5" daemon [_thread_blocked, id=13667, stack(0x00007fe96d7e5000,0x00007fe96d8e6000)]
  0x00007fe9d1027800 JavaThread "http-nio-8080-exec-6" daemon [_thread_blocked, id=13668, stack(0x00007fe96d6e4000,0x00007fe96d7e5000)]
  0x00007fe9d1029800 JavaThread "http-nio-8080-exec-7" daemon [_thread_blocked, id=13669, stack(0x00007fe96d5e3000,0x00007fe96d6e4000)]
  0x00007fe9d102b800 JavaThread "http-nio-8080-exec-8" daemon [_thread_blocked, id=13670, stack(0x00007fe96d4e2000,0x00007fe96d5e3000)]
  0x00007fe9d102d000 JavaThread "http-nio-8080-exec-9" daemon [_thread_blocked, id=13671, stack(0x00007fe96d3e1000,0x00007fe96d4e2000)]
  0x00007fe9d102f000 JavaThread "http-nio-8080-exec-10" daemon [_thread_blocked, id=13672, stack(0x00007fe96d2e0000,0x00007fe96d3e1000)]
  0x00007fe9d1035800 JavaThread "http-nio-8080-ClientPoller" daemon [_thread_blocked, id=13673, stack(0x00007fe96d1df000,0x00007fe96d2e0000)]
  0x00007fe9d0bea800 JavaThread "http-nio-8080-Acceptor" daemon [_thread_in_native, id=13674, stack(0x00007fe96d0de000,0x00007fe96d1df000)]
  0x00007fe9d001a000 JavaThread "DestroyJavaVM" [_thread_blocked, id=13616, stack(0x00007fe9d5383000,0x00007fe9d5484000)]
  0x00007fe960004800 JavaThread "RMI TCP Connection(idle)" daemon [_thread_blocked, id=13675, stack(0x00007fe96cddd000,0x00007fe96cede000)]
  0x00007fe960006800 JavaThread "RMI TCP Connection(idle)" daemon [_thread_blocked, id=13676, stack(0x00007fe96ccdc000,0x00007fe96cddd000)]
  0x00007fe960008000 JavaThread "RMI TCP Connection(idle)" daemon [_thread_blocked, id=13677, stack(0x00007fe96cbdb000,0x00007fe96ccdc000)]
  0x00007fe968005000 JavaThread "RMI TCP Connection(idle)" daemon [_thread_blocked, id=13679, stack(0x00007fe96c9d9000,0x00007fe96cada000)]
  0x00007fe968007000 JavaThread "RMI TCP Connection(idle)" daemon [_thread_blocked, id=13680, stack(0x00007fe96c8d8000,0x00007fe96c9d9000)]
  0x00007fe968009000 JavaThread "RMI TCP Connection(9)-127.0.0.1" daemon [_thread_in_native, id=13682, stack(0x00007fe96c7d7000,0x00007fe96c8d8000)]

Other Threads:
=>0x00007fe9d017a800 VMThread "VM Thread" [stack: 0x00007fe9b003f000,0x00007fe9b013f000] [id=13624]
  0x00007fe9d054e800 WatcherThread [stack: 0x00007fe96f8f7000,0x00007fe96f9f7000] [id=13646]
  0x00007fe9d0032800 GCTaskThread "GC Thread#0" [stack: 0x00007fe9d4fea000,0x00007fe9d50ea000] [id=13618]
  0x00007fe99c001000 GCTaskThread "GC Thread#1" [stack: 0x00007fe96fcfe000,0x00007fe96fdfe000] [id=13642]
  0x00007fe99c003000 GCTaskThread "GC Thread#2" [stack: 0x00007fe96fbfc000,0x00007fe96fcfc000] [id=13643]
  0x00007fe99c196000 GCTaskThread "GC Thread#3" [stack: 0x00007fe96edef000,0x00007fe96eeef000] [id=13655]
  0x00007fe9d0064000 ConcurrentGCThread "G1 Main Marker" [stack: 0x00007fe9b87ca000,0x00007fe9b88ca000] [id=13619]
  0x00007fe9d0066000 ConcurrentGCThread "G1 Conc#0" [stack: 0x00007fe9b86c8000,0x00007fe9b87c8000] [id=13620]
  0x00007fe9d00e0000 ConcurrentGCThread "G1 Refine#0" [stack: 0x00007fe9b81c2000,0x00007fe9b82c2000] [id=13621]
  0x00007fe9a0001000 ConcurrentGCThread "G1 Refine#1" [stack: 0x00007fe96f9f9000,0x00007fe96faf9000] [id=13645]
  0x00007fe9d00e2000 ConcurrentGCThread "G1 Young RemSet Sampling" [stack: 0x00007fe9b80c0000,0x00007fe9b81c0000] [id=13622]

Threads with active compile tasks:

VM state:at safepoint (normal execution)

VM Mutex/Monitor currently owned by a thread:  ([mutex/lock_event])
[0x00007fe9d0016eb0] Threads_lock - owner thread: 0x00007fe9d017a800

Heap address: 0x0000000083800000, size: 1992 MB, Compressed Oops mode: 32-bit
Narrow klass base: 0x0000000800000000, Narrow klass shift: 3
Compressed class space size: 1073741824 Address: 0x0000000840000000

Heap:
 garbage-first heap   total 177152K, used 95622K [0x0000000083800000, 0x0000000100000000)
  region size 1024K, 90 young (92160K), 9 survivors (9216K)
 Metaspace       used 33150K, capacity 34413K, committed 34816K, reserved 1079296K
  class space    used 4268K, capacity 4745K, committed 4864K, reserved 1048576K
Heap Regions: E=young(eden), S=young(survivor), O=old, HS=humongous(starts), HC=humongous(continues), CS=collection set, F=free, A=archive, TAMS=top-at-mark-start (previous, next)
|   0|0x0000000083800000, 0x0000000083900000, 0x0000000083900000|100%| O|  |TAMS 0x0000000083900000, 0x0000000083800000| Untracked 
|   1|0x0000000083900000, 0x0000000083a00000, 0x0000000083a00000|100%| O|  |TAMS 0x0000000083a00000, 0x0000000083900000| Untracked 
|   2|0x0000000083a00000, 0x0000000083b00000, 0x0000000083b00000|100%| O|  |TAMS 0x0000000083b00000, 0x0000000083a00000| Untracked 
|   3|0x0000000083b00000, 0x0000000083c00000, 0x0000000083c00000|100%| O|  |TAMS 0x0000000083c00000, 0x0000000083b00000| Untracked 
|   4|0x0000000083c00000, 0x0000000083cb0800, 0x0000000083d00000| 68%| O|  |TAMS 0x0000000083cb0800, 0x0000000083c00000| Untracked 
|   5|0x0000000083d00000, 0x0000000083d00000, 0x0000000083e00000|  0%| F|  |TAMS 0x0000000083d00000, 0x0000000083d00000| Untracked 
|   6|0x0000000083e00000, 0x0000000083e00000, 0x0000000083f00000|  0%| F|  |TAMS 0x0000000083e00000, 0x0000000083e00000| Untracked 
|   7|0x0000000083f00000, 0x0000000083f00000, 0x0000000084000000|  0%| F|  |TAMS 0x0000000083f00000, 0x0000000083f00000| Untracked 
|   8|0x0000000084000000, 0x0000000084000000, 0x0000000084100000|  0%| F|  |TAMS 0x0000000084000000, 0x0000000084000000| Untracked 
|   9|0x0000000084100000, 0x0000000084100000, 0x0000000084200000|  0%| F|  |TAMS 0x0000000084100000, 0x0000000084100000| Untracked 
|  10|0x0000000084200000, 0x0000000084200000, 0x0000000084300000|  0%| F|  |TAMS 0x0000000084200000, 0x0000000084200000| Untracked 
|  11|0x0000000084300000, 0x0000000084300000, 0x0000000084400000|  0%| F|  |TAMS 0x0000000084300000, 0x0000000084300000| Untracked 
|  12|0x0000000084400000, 0x0000000084400000, 0x0000000084500000|  0%| F|  |TAMS 0x0000000084400000, 0x0000000084400000| Untracked 
|  13|0x0000000084500000, 0x0000000084500000, 0x0000000084600000|  0%| F|  |TAMS 0x0000000084500000, 0x0000000084500000| Untracked 
|  14|0x0000000084600000, 0x0000000084600000, 0x0000000084700000|  0%| F|  |TAMS 0x0000000084600000, 0x0000000084600000| Untracked 
|  15|0x0000000084700000, 0x0000000084700000, 0x0000000084800000|  0%| F|  |TAMS 0x0000000084700000, 0x0000000084700000| Untracked 
|  16|0x0000000084800000, 0x0000000084800000, 0x0000000084900000|  0%| F|  |TAMS 0x0000000084800000, 0x0000000084800000| Untracked 
|  17|0x0000000084900000, 0x0000000084900000, 0x0000000084a00000|  0%| F|  |TAMS 0x0000000084900000, 0x0000000084900000| Untracked 
|  18|0x0000000084a00000, 0x0000000084a00000, 0x0000000084b00000|  0%| F|  |TAMS 0x0000000084a00000, 0x0000000084a00000| Untracked 
|  19|0x0000000084b00000, 0x0000000084b00000, 0x0000000084c00000|  0%| F|  |TAMS 0x0000000084b00000, 0x0000000084b00000| Untracked 
|  20|0x0000000084c00000, 0x0000000084c00000, 0x0000000084d00000|  0%| F|  |TAMS 0x0000000084c00000, 0x0000000084c00000| Untracked 
|  21|0x0000000084d00000, 0x0000000084d00000, 0x0000000084e00000|  0%| F|  |TAMS 0x0000000084d00000, 0x0000000084d00000| Untracked 
|  22|0x0000000084e00000, 0x0000000084e00000, 0x0000000084f00000|  0%| F|  |TAMS 0x0000000084e00000, 0x0000000084e00000| Untracked 
|  23|0x0000000084f00000, 0x0000000084f00000, 0x0000000085000000|  0%| F|  |TAMS 0x0000000084f00000, 0x0000000084f00000| Untracked 
|  24|0x0000000085000000, 0x0000000085000000, 0x0000000085100000|  0%| F|  |TAMS 0x0000000085000000, 0x0000000085000000| Untracked 
|  25|0x0000000085100000, 0x0000000085100000, 0x0000000085200000|  0%| F|  |TAMS 0x0000000085100000, 0x0000000085100000| Untracked 
|  26|0x0000000085200000, 0x0000000085200000, 0x0000000085300000|  0%| F|  |TAMS 0x0000000085200000, 0x0000000085200000| Untracked 
|  27|0x0000000085300000, 0x0000000085300000, 0x0000000085400000|  0%| F|  |TAMS 0x0000000085300000, 0x0000000085300000| Untracked 
|  28|0x0000000085400000, 0x0000000085400000, 0x0000000085500000|  0%| F|  |TAMS 0x0000000085400000, 0x0000000085400000| Untracked 
|  29|0x0000000085500000, 0x0000000085500000, 0x0000000085600000|  0%| F|  |TAMS 0x0000000085500000, 0x0000000085500000| Untracked 
|  30|0x0000000085600000, 0x0000000085600000, 0x0000000085700000|  0%| F|  |TAMS 0x0000000085600000, 0x0000000085600000| Untracked 
|  31|0x0000000085700000, 0x0000000085700000, 0x0000000085800000|  0%| F|  |TAMS 0x0000000085700000, 0x0000000085700000| Untracked 
|  32|0x0000000085800000, 0x0000000085800000, 0x0000000085900000|  0%| F|  |TAMS 0x0000000085800000, 0x0000000085800000| Untracked 
|  33|0x0000000085900000, 0x0000000085900000, 0x0000000085a00000|  0%| F|  |TAMS 0x0000000085900000, 0x0000000085900000| Untracked 
|  34|0x0000000085a00000, 0x0000000085a00000, 0x0000000085b00000|  0%| F|  |TAMS 0x0000000085a00000, 0x0000000085a00000| Untracked 
|  35|0x0000000085b00000, 0x0000000085b00000, 0x0000000085c00000|  0%| F|  |TAMS 0x0000000085b00000, 0x0000000085b00000| Untracked 
|  36|0x0000000085c00000, 0x0000000085c00000, 0x0000000085d00000|  0%| F|  |TAMS 0x0000000085c00000, 0x0000000085c00000| Untracked 
|  37|0x0000000085d00000, 0x0000000085d00000, 0x0000000085e00000|  0%| F|  |TAMS 0x0000000085d00000, 0x0000000085d00000| Untracked 
|  38|0x0000000085e00000, 0x0000000085e00000, 0x0000000085f00000|  0%| F|  |TAMS 0x0000000085e00000, 0x0000000085e00000| Untracked 
|  39|0x0000000085f00000, 0x0000000085f00000, 0x0000000086000000|  0%| F|  |TAMS 0x0000000085f00000, 0x0000000085f00000| Untracked 
|  40|0x0000000086000000, 0x0000000086000000, 0x0000000086100000|  0%| F|  |TAMS 0x0000000086000000, 0x0000000086000000| Untracked 
|  41|0x0000000086100000, 0x0000000086100000, 0x0000000086200000|  0%| F|  |TAMS 0x0000000086100000, 0x0000000086100000| Untracked 
|  42|0x0000000086200000, 0x0000000086200000, 0x0000000086300000|  0%| F|  |TAMS 0x0000000086200000, 0x0000000086200000| Untracked 
|  43|0x0000000086300000, 0x0000000086300000, 0x0000000086400000|  0%| F|  |TAMS 0x0000000086300000, 0x0000000086300000| Untracked 
|  44|0x0000000086400000, 0x0000000086400000, 0x0000000086500000|  0%| F|  |TAMS 0x0000000086400000, 0x0000000086400000| Untracked 
|  45|0x0000000086500000, 0x0000000086500000, 0x0000000086600000|  0%| F|  |TAMS 0x0000000086500000, 0x0000000086500000| Untracked 
|  46|0x0000000086600000, 0x0000000086600000, 0x0000000086700000|  0%| F|  |TAMS 0x0000000086600000, 0x0000000086600000| Untracked 
|  47|0x0000000086700000, 0x0000000086700000, 0x0000000086800000|  0%| F|  |TAMS 0x0000000086700000, 0x0000000086700000| Untracked 
|  48|0x0000000086800000, 0x0000000086800000, 0x0000000086900000|  0%| F|  |TAMS 0x0000000086800000, 0x0000000086800000| Untracked 
|  49|0x0000000086900000, 0x0000000086900000, 0x0000000086a00000|  0%| F|  |TAMS 0x0000000086900000, 0x0000000086900000| Untracked 
|  50|0x0000000086a00000, 0x0000000086a00000, 0x0000000086b00000|  0%| F|  |TAMS 0x0000000086a00000, 0x0000000086a00000| Untracked 
|  51|0x0000000086b00000, 0x0000000086b00000, 0x0000000086c00000|  0%| F|  |TAMS 0x0000000086b00000, 0x0000000086b00000| Untracked 
|  52|0x0000000086c00000, 0x0000000086c00000, 0x0000000086d00000|  0%| F|  |TAMS 0x0000000086c00000, 0x0000000086c00000| Untracked 
|  53|0x0000000086d00000, 0x0000000086d00000, 0x0000000086e00000|  0%| F|  |TAMS 0x0000000086d00000, 0x0000000086d00000| Untracked 
|  54|0x0000000086e00000, 0x0000000086e00000, 0x0000000086f00000|  0%| F|  |TAMS 0x0000000086e00000, 0x0000000086e00000| Untracked 
|  55|0x0000000086f00000, 0x0000000086f00000, 0x0000000087000000|  0%| F|  |TAMS 0x0000000086f00000, 0x0000000086f00000| Untracked 
|  56|0x0000000087000000, 0x0000000087000000, 0x0000000087100000|  0%| F|  |TAMS 0x0000000087000000, 0x0000000087000000| Untracked 
|  57|0x0000000087100000, 0x0000000087100000, 0x0000000087200000|  0%| F|  |TAMS 0x0000000087100000, 0x0000000087100000| Untracked 
|  58|0x0000000087200000, 0x0000000087200000, 0x0000000087300000|  0%| F|  |TAMS 0x0000000087200000, 0x0000000087200000| Untracked 
|  59|0x0000000087300000, 0x0000000087400000, 0x0000000087400000|100%| S|CS|TAMS 0x0000000087300000, 0x0000000087300000| Complete 
|  60|0x0000000087400000, 0x0000000087500000, 0x0000000087500000|100%| S|CS|TAMS 0x0000000087400000, 0x0000000087400000| Complete 
|  61|0x0000000087500000, 0x0000000087600000, 0x0000000087600000|100%| S|CS|TAMS 0x0000000087500000, 0x0000000087500000| Complete 
|  62|0x0000000087600000, 0x0000000087700000, 0x0000000087700000|100%| S|CS|TAMS 0x0000000087600000, 0x0000000087600000| Complete 
|  63|0x0000000087700000, 0x0000000087800000, 0x0000000087800000|100%| S|CS|TAMS 0x0000000087700000, 0x0000000087700000| Complete 
|  64|0x0000000087800000, 0x0000000087900000, 0x0000000087900000|100%| S|CS|TAMS 0x0000000087800000, 0x0000000087800000| Complete 
|  65|0x0000000087900000, 0x0000000087a00000, 0x0000000087a00000|100%| S|CS|TAMS 0x0000000087900000, 0x0000000087900000| Complete 
|  66|0x0000000087a00000, 0x0000000087b00000, 0x0000000087b00000|100%| S|CS|TAMS 0x0000000087a00000, 0x0000000087a00000| Complete 
|  67|0x0000000087b00000, 0x0000000087c00000, 0x0000000087c00000|100%| S|CS|TAMS 0x0000000087b00000, 0x0000000087b00000| Complete 
|  68|0x0000000087c00000, 0x0000000087c00000, 0x0000000087d00000|  0%| F|  |TAMS 0x0000000087c00000, 0x0000000087c00000| Untracked 
|  69|0x0000000087d00000, 0x0000000087d00000, 0x0000000087e00000|  0%| F|  |TAMS 0x0000000087d00000, 0x0000000087d00000| Untracked 
|  70|0x0000000087e00000, 0x0000000087e00000, 0x0000000087f00000|  0%| F|  |TAMS 0x0000000087e00000, 0x0000000087e00000| Untracked 
|  71|0x0000000087f00000, 0x0000000087f00000, 0x0000000088000000|  0%| F|  |TAMS 0x0000000087f00000, 0x0000000087f00000| Untracked 
|  72|0x0000000088000000, 0x0000000088000000, 0x0000000088100000|  0%| F|  |TAMS 0x0000000088000000, 0x0000000088000000| Untracked 
|  73|0x0000000088100000, 0x0000000088100000, 0x0000000088200000|  0%| F|  |TAMS 0x0000000088100000, 0x0000000088100000| Untracked 
|  74|0x0000000088200000, 0x0000000088200000, 0x0000000088300000|  0%| F|  |TAMS 0x0000000088200000, 0x0000000088200000| Untracked 
|  75|0x0000000088300000, 0x0000000088300000, 0x0000000088400000|  0%| F|  |TAMS 0x0000000088300000, 0x0000000088300000| Untracked 
|  76|0x0000000088400000, 0x0000000088400000, 0x0000000088500000|  0%| F|  |TAMS 0x0000000088400000, 0x0000000088400000| Untracked 
|  77|0x0000000088500000, 0x0000000088500000, 0x0000000088600000|  0%| F|  |TAMS 0x0000000088500000, 0x0000000088500000| Untracked 
|  78|0x0000000088600000, 0x0000000088600000, 0x0000000088700000|  0%| F|  |TAMS 0x0000000088600000, 0x0000000088600000| Untracked 
|  79|0x0000000088700000, 0x0000000088700000, 0x0000000088800000|  0%| F|  |TAMS 0x0000000088700000, 0x0000000088700000| Untracked 
|  80|0x0000000088800000, 0x0000000088800000, 0x0000000088900000|  0%| F|  |TAMS 0x0000000088800000, 0x0000000088800000| Untracked 
|  81|0x0000000088900000, 0x0000000088900000, 0x0000000088a00000|  0%| F|  |TAMS 0x0000000088900000, 0x0000000088900000| Untracked 
|  82|0x0000000088a00000, 0x0000000088a00000, 0x0000000088b00000|  0%| F|  |TAMS 0x0000000088a00000, 0x0000000088a00000| Untracked 
|  83|0x0000000088b00000, 0x0000000088b00000, 0x0000000088c00000|  0%| F|  |TAMS 0x0000000088b00000, 0x0000000088b00000| Untracked 
|  84|0x0000000088c00000, 0x0000000088c00000, 0x0000000088d00000|  0%| F|  |TAMS 0x0000000088c00000, 0x0000000088c00000| Untracked 
|  85|0x0000000088d00000, 0x0000000088d00000, 0x0000000088e00000|  0%| F|  |TAMS 0x0000000088d00000, 0x0000000088d00000| Untracked 
|  86|0x0000000088e00000, 0x0000000088e00000, 0x0000000088f00000|  0%| F|  |TAMS 0x0000000088e00000, 0x0000000088e00000| Untracked 
|  87|0x0000000088f00000, 0x0000000088f00000, 0x0000000089000000|  0%| F|  |TAMS 0x0000000088f00000, 0x0000000088f00000| Untracked 
|  88|0x0000000089000000, 0x0000000089000000, 0x0000000089100000|  0%| F|  |TAMS 0x0000000089000000, 0x0000000089000000| Untracked 
|  89|0x0000000089100000, 0x0000000089100000, 0x0000000089200000|  0%| F|  |TAMS 0x0000000089100000, 0x0000000089100000| Untracked 
|  90|0x0000000089200000, 0x0000000089300000, 0x0000000089300000|100%| E|  |TAMS 0x0000000089200000, 0x0000000089200000| Complete 
|  91|0x0000000089300000, 0x0000000089400000, 0x0000000089400000|100%| E|CS|TAMS 0x0000000089300000, 0x0000000089300000| Complete 
|  92|0x0000000089400000, 0x0000000089500000, 0x0000000089500000|100%| E|CS|TAMS 0x0000000089400000, 0x0000000089400000| Complete 
|  93|0x0000000089500000, 0x0000000089600000, 0x0000000089600000|100%| E|CS|TAMS 0x0000000089500000, 0x0000000089500000| Complete 
|  94|0x0000000089600000, 0x0000000089700000, 0x0000000089700000|100%| E|CS|TAMS 0x0000000089600000, 0x0000000089600000| Complete 
|  95|0x0000000089700000, 0x0000000089800000, 0x0000000089800000|100%| E|CS|TAMS 0x0000000089700000, 0x0000000089700000| Complete 
|  96|0x0000000089800000, 0x0000000089900000, 0x0000000089900000|100%| E|CS|TAMS 0x0000000089800000, 0x0000000089800000| Complete 
|  97|0x0000000089900000, 0x0000000089a00000, 0x0000000089a00000|100%| E|CS|TAMS 0x0000000089900000, 0x0000000089900000| Complete 
|  98|0x0000000089a00000, 0x0000000089b00000, 0x0000000089b00000|100%| E|CS|TAMS 0x0000000089a00000, 0x0000000089a00000| Complete 
|  99|0x0000000089b00000, 0x0000000089c00000, 0x0000000089c00000|100%| E|CS|TAMS 0x0000000089b00000, 0x0000000089b00000| Complete 
| 100|0x0000000089c00000, 0x0000000089d00000, 0x0000000089d00000|100%| E|CS|TAMS 0x0000000089c00000, 0x0000000089c00000| Complete 
| 101|0x0000000089d00000, 0x0000000089e00000, 0x0000000089e00000|100%| E|CS|TAMS 0x0000000089d00000, 0x0000000089d00000| Complete 
| 102|0x0000000089e00000, 0x0000000089f00000, 0x0000000089f00000|100%| E|CS|TAMS 0x0000000089e00000, 0x0000000089e00000| Complete 
| 103|0x0000000089f00000, 0x000000008a000000, 0x000000008a000000|100%| E|CS|TAMS 0x0000000089f00000, 0x0000000089f00000| Complete 
| 104|0x000000008a000000, 0x000000008a100000, 0x000000008a100000|100%| E|CS|TAMS 0x000000008a000000, 0x000000008a000000| Complete 
| 105|0x000000008a100000, 0x000000008a200000, 0x000000008a200000|100%| E|CS|TAMS 0x000000008a100000, 0x000000008a100000| Complete 
| 106|0x000000008a200000, 0x000000008a300000, 0x000000008a300000|100%| E|CS|TAMS 0x000000008a200000, 0x000000008a200000| Complete 
| 107|0x000000008a300000, 0x000000008a400000, 0x000000008a400000|100%| E|CS|TAMS 0x000000008a300000, 0x000000008a300000| Complete 
| 108|0x000000008a400000, 0x000000008a500000, 0x000000008a500000|100%| E|CS|TAMS 0x000000008a400000, 0x000000008a400000| Complete 
| 109|0x000000008a500000, 0x000000008a600000, 0x000000008a600000|100%| E|CS|TAMS 0x000000008a500000, 0x000000008a500000| Complete 
| 110|0x000000008a600000, 0x000000008a700000, 0x000000008a700000|100%| E|CS|TAMS 0x000000008a600000, 0x000000008a600000| Complete 
| 111|0x000000008a700000, 0x000000008a800000, 0x000000008a800000|100%| E|CS|TAMS 0x000000008a700000, 0x000000008a700000| Complete 
| 112|0x000000008a800000, 0x000000008a900000, 0x000000008a900000|100%| E|CS|TAMS 0x000000008a800000, 0x000000008a800000| Complete 
| 113|0x000000008a900000, 0x000000008aa00000, 0x000000008aa00000|100%| E|CS|TAMS 0x000000008a900000, 0x000000008a900000| Complete 
| 114|0x000000008aa00000, 0x000000008ab00000, 0x000000008ab00000|100%| E|CS|TAMS 0x000000008aa00000, 0x000000008aa00000| Complete 
| 115|0x000000008ab00000, 0x000000008ac00000, 0x000000008ac00000|100%| E|CS|TAMS 0x000000008ab00000, 0x000000008ab00000| Complete 
| 116|0x000000008ac00000, 0x000000008ad00000, 0x000000008ad00000|100%| E|  |TAMS 0x000000008ac00000, 0x000000008ac00000| Complete 
| 117|0x000000008ad00000, 0x000000008ae00000, 0x000000008ae00000|100%| E|CS|TAMS 0x000000008ad00000, 0x000000008ad00000| Complete 
| 118|0x000000008ae00000, 0x000000008af00000, 0x000000008af00000|100%| E|CS|TAMS 0x000000008ae00000, 0x000000008ae00000| Complete 
| 119|0x000000008af00000, 0x000000008b000000, 0x000000008b000000|100%| E|CS|TAMS 0x000000008af00000, 0x000000008af00000| Complete 
| 120|0x000000008b000000, 0x000000008b100000, 0x000000008b100000|100%| E|CS|TAMS 0x000000008b000000, 0x000000008b000000| Complete 
| 121|0x000000008b100000, 0x000000008b200000, 0x000000008b200000|100%| E|CS|TAMS 0x000000008b100000, 0x000000008b100000| Complete 
| 122|0x000000008b200000, 0x000000008b300000, 0x000000008b300000|100%| E|CS|TAMS 0x000000008b200000, 0x000000008b200000| Complete 
| 123|0x000000008b300000, 0x000000008b400000, 0x000000008b400000|100%| E|CS|TAMS 0x000000008b300000, 0x000000008b300000| Complete 
| 124|0x000000008b400000, 0x000000008b500000, 0x000000008b500000|100%| E|CS|TAMS 0x000000008b400000, 0x000000008b400000| Complete 
| 125|0x000000008b500000, 0x000000008b600000, 0x000000008b600000|100%| E|CS|TAMS 0x000000008b500000, 0x000000008b500000| Complete 
| 126|0x000000008b600000, 0x000000008b700000, 0x000000008b700000|100%| E|CS|TAMS 0x000000008b600000, 0x000000008b600000| Complete 
| 127|0x000000008b700000, 0x000000008b800000, 0x000000008b800000|100%| E|CS|TAMS 0x000000008b700000, 0x000000008b700000| Complete 
| 128|0x000000008b800000, 0x000000008b900000, 0x000000008b900000|100%| E|CS|TAMS 0x000000008b800000, 0x000000008b800000| Complete 
| 129|0x000000008b900000, 0x000000008ba00000, 0x000000008ba00000|100%| E|CS|TAMS 0x000000008b900000, 0x000000008b900000| Complete 
| 130|0x000000008ba00000, 0x000000008bb00000, 0x000000008bb00000|100%| E|CS|TAMS 0x000000008ba00000, 0x000000008ba00000| Complete 
| 131|0x000000008bb00000, 0x000000008bc00000, 0x000000008bc00000|100%| E|CS|TAMS 0x000000008bb00000, 0x000000008bb00000| Complete 
| 132|0x000000008bc00000, 0x000000008bd00000, 0x000000008bd00000|100%| E|CS|TAMS 0x000000008bc00000, 0x000000008bc00000| Complete 
| 133|0x000000008bd00000, 0x000000008be00000, 0x000000008be00000|100%| E|CS|TAMS 0x000000008bd00000, 0x000000008bd00000| Complete 
| 134|0x000000008be00000, 0x000000008bf00000, 0x000000008bf00000|100%| E|CS|TAMS 0x000000008be00000, 0x000000008be00000| Complete 
| 135|0x000000008bf00000, 0x000000008c000000, 0x000000008c000000|100%| E|CS|TAMS 0x000000008bf00000, 0x000000008bf00000| Complete 
| 136|0x000000008c000000, 0x000000008c100000, 0x000000008c100000|100%| E|CS|TAMS 0x000000008c000000, 0x000000008c000000| Complete 
| 137|0x000000008c100000, 0x000000008c200000, 0x000000008c200000|100%| E|CS|TAMS 0x000000008c100000, 0x000000008c100000| Complete 
| 138|0x000000008c200000, 0x000000008c300000, 0x000000008c300000|100%| E|CS|TAMS 0x000000008c200000, 0x000000008c200000| Complete 
| 139|0x000000008c300000, 0x000000008c400000, 0x000000008c400000|100%| E|CS|TAMS 0x000000008c300000, 0x000000008c300000| Complete 
| 140|0x000000008c400000, 0x000000008c500000, 0x000000008c500000|100%| E|CS|TAMS 0x000000008c400000, 0x000000008c400000| Complete 
| 141|0x000000008c500000, 0x000000008c600000, 0x000000008c600000|100%| E|CS|TAMS 0x000000008c500000, 0x000000008c500000| Complete 
| 142|0x000000008c600000, 0x000000008c700000, 0x000000008c700000|100%| E|CS|TAMS 0x000000008c600000, 0x000000008c600000| Complete 
| 143|0x000000008c700000, 0x000000008c800000, 0x000000008c800000|100%| E|CS|TAMS 0x000000008c700000, 0x000000008c700000| Complete 
| 144|0x000000008c800000, 0x000000008c900000, 0x000000008c900000|100%| E|CS|TAMS 0x000000008c800000, 0x000000008c800000| Complete 
| 145|0x000000008c900000, 0x000000008ca00000, 0x000000008ca00000|100%| E|CS|TAMS 0x000000008c900000, 0x000000008c900000| Complete 
| 146|0x000000008ca00000, 0x000000008cb00000, 0x000000008cb00000|100%| E|CS|TAMS 0x000000008ca00000, 0x000000008ca00000| Complete 
| 147|0x000000008cb00000, 0x000000008cc00000, 0x000000008cc00000|100%| E|CS|TAMS 0x000000008cb00000, 0x000000008cb00000| Complete 
| 148|0x000000008cc00000, 0x000000008cd00000, 0x000000008cd00000|100%| E|CS|TAMS 0x000000008cc00000, 0x000000008cc00000| Complete 
| 149|0x000000008cd00000, 0x000000008ce00000, 0x000000008ce00000|100%| E|CS|TAMS 0x000000008cd00000, 0x000000008cd00000| Complete 
| 150|0x000000008ce00000, 0x000000008cf00000, 0x000000008cf00000|100%| E|CS|TAMS 0x000000008ce00000, 0x000000008ce00000| Complete 
| 151|0x000000008cf00000, 0x000000008d000000, 0x000000008d000000|100%| E|CS|TAMS 0x000000008cf00000, 0x000000008cf00000| Complete 
| 152|0x000000008d000000, 0x000000008d100000, 0x000000008d100000|100%| E|CS|TAMS 0x000000008d000000, 0x000000008d000000| Complete 
| 153|0x000000008d100000, 0x000000008d200000, 0x000000008d200000|100%| E|CS|TAMS 0x000000008d100000, 0x000000008d100000| Complete 
| 154|0x000000008d200000, 0x000000008d300000, 0x000000008d300000|100%| E|CS|TAMS 0x000000008d200000, 0x000000008d200000| Complete 
| 155|0x000000008d300000, 0x000000008d400000, 0x000000008d400000|100%| E|CS|TAMS 0x000000008d300000, 0x000000008d300000| Complete 
| 156|0x000000008d400000, 0x000000008d500000, 0x000000008d500000|100%| E|CS|TAMS 0x000000008d400000, 0x000000008d400000| Complete 
| 157|0x000000008d500000, 0x000000008d600000, 0x000000008d600000|100%| E|CS|TAMS 0x000000008d500000, 0x000000008d500000| Complete 
| 158|0x000000008d600000, 0x000000008d700000, 0x000000008d700000|100%| E|CS|TAMS 0x000000008d600000, 0x000000008d600000| Complete 
| 159|0x000000008d700000, 0x000000008d800000, 0x000000008d800000|100%| E|CS|TAMS 0x000000008d700000, 0x000000008d700000| Complete 
| 160|0x000000008d800000, 0x000000008d900000, 0x000000008d900000|100%| E|CS|TAMS 0x000000008d800000, 0x000000008d800000| Complete 
| 161|0x000000008d900000, 0x000000008da00000, 0x000000008da00000|100%| E|CS|TAMS 0x000000008d900000, 0x000000008d900000| Complete 
| 162|0x000000008da00000, 0x000000008db00000, 0x000000008db00000|100%| E|CS|TAMS 0x000000008da00000, 0x000000008da00000| Complete 
| 163|0x000000008db00000, 0x000000008dc00000, 0x000000008dc00000|100%| E|CS|TAMS 0x000000008db00000, 0x000000008db00000| Complete 
| 164|0x000000008dc00000, 0x000000008dd00000, 0x000000008dd00000|100%| E|CS|TAMS 0x000000008dc00000, 0x000000008dc00000| Complete 
| 165|0x000000008dd00000, 0x000000008de00000, 0x000000008de00000|100%| E|CS|TAMS 0x000000008dd00000, 0x000000008dd00000| Complete 
| 166|0x000000008de00000, 0x000000008df00000, 0x000000008df00000|100%| E|CS|TAMS 0x000000008de00000, 0x000000008de00000| Complete 
| 167|0x000000008df00000, 0x000000008e000000, 0x000000008e000000|100%| E|CS|TAMS 0x000000008df00000, 0x000000008df00000| Complete 
| 168|0x000000008e000000, 0x000000008e100000, 0x000000008e100000|100%| E|CS|TAMS 0x000000008e000000, 0x000000008e000000| Complete 
| 169|0x000000008e100000, 0x000000008e200000, 0x000000008e200000|100%| E|CS|TAMS 0x000000008e100000, 0x000000008e100000| Complete 
| 170|0x000000008e200000, 0x000000008e300000, 0x000000008e300000|100%| E|CS|TAMS 0x000000008e200000, 0x000000008e200000| Complete 
|1990|0x00000000ffe00000, 0x00000000ffe47000, 0x00000000fff00000| 27%|OA|  |TAMS 0x00000000ffe47000, 0x00000000ffe00000| Untracked 
|1991|0x00000000fff00000, 0x00000000fff6a000, 0x0000000100000000| 41%|CA|  |TAMS 0x00000000fff6a000, 0x00000000fff00000| Untracked 

Card table byte_map: [0x00007fe9d441c000,0x00007fe9d4800000] _byte_map_base: 0x00007fe9d4000000

Marking Bits (Prev, Next): (CMBitMap*) 0x00007fe9d005b5d0, (CMBitMap*) 0x00007fe9d005b598
 Prev Bits: [0x00007fe9b01c0000, 0x00007fe9b20e0000)
 Next Bits: [0x00007fe9b20e0000, 0x00007fe9b4000000)

Polling page: 0x00007fe9d5348000

Metaspace:

Usage:
  Non-class:     28.97 MB capacity,    28.21 MB ( 97%) used,   647.09 KB (  2%) free+waste,   138.44 KB ( <1%) overhead. 
      Class:      4.63 MB capacity,     4.17 MB ( 90%) used,   408.47 KB (  9%) free+waste,    68.38 KB (  1%) overhead. 
       Both:     33.61 MB capacity,    32.37 MB ( 96%) used,     1.03 MB (  3%) free+waste,   206.81 KB ( <1%) overhead. 

Virtual space:
  Non-class space:       30.00 MB reserved,      29.25 MB ( 98%) committed 
      Class space:        1.00 GB reserved,       4.75 MB ( <1%) committed 
             Both:        1.03 GB reserved,      34.00 MB (  3%) committed 

Chunk freelists:
   Non-Class:  136.00 KB
       Class:  23.00 KB
        Both:  159.00 KB

MaxMetaspaceSize: unlimited
CompressedClassSpaceSize: 1.00 GB

CodeHeap 'non-profiled nmethods': size=238948Kb used=7299Kb max_used=7521Kb free=231648Kb
 bounds [0x00007fe9b8fb4000, 0x00007fe9b9714000, 0x00007fe9c790d000]
CodeHeap 'non-nmethods': size=6812Kb used=1256Kb max_used=1256Kb free=5556Kb
 bounds [0x00007fe9b890d000, 0x00007fe9b8b7d000, 0x00007fe9b8fb4000]
 total_blobs=4750 nmethods=4102 adapters=471
 compilation: enabled
              stopped_count=0, restarted_count=0
 full_count=0

Compilation events (20 events):
Event: 49.138 Thread 0x00007fe9d0187000 4187       1       java.util.concurrent.locks.LockSupport::setBlocker (12 bytes)
Event: 49.138 Thread 0x00007fe9d0187000 nmethod 4187 0x00007fe9b9022490 code [0x00007fe9b9022640, 0x00007fe9b9022790]
Event: 52.138 Thread 0x00007fe9d0187000 4188       1       java.util.concurrent.locks.AbstractQueuedSynchronizer$Node::compareAndSetWaitStatus (10 bytes)
Event: 52.138 Thread 0x00007fe9d0187000 nmethod 4188 0x00007fe9b919a990 code [0x00007fe9b919ab60, 0x00007fe9b919ae18]
Event: 52.138 Thread 0x00007fe9d0187000 4189       1       java.util.concurrent.locks.ReentrantLock$Sync::isHeldExclusively (16 bytes)
Event: 52.138 Thread 0x00007fe9d0187000 nmethod 4189 0x00007fe9b90e6290 code [0x00007fe9b90e6440, 0x00007fe9b90e6590]
Event: 53.138 Thread 0x00007fe9d0187000 4190       1       java.util.concurrent.locks.AbstractQueuedSynchronizer::isOnSyncQueue (33 bytes)
Event: 53.138 Thread 0x00007fe9d0187000 nmethod 4190 0x00007fe9b91b4010 code [0x00007fe9b91b41c0, 0x00007fe9b91b4390]
Event: 53.138 Thread 0x00007fe9d0187000 4191       1       java.util.concurrent.ScheduledThreadPoolExecutor$ScheduledFutureTask::compareTo (9 bytes)
Event: 53.138 Thread 0x00007fe9d0187000 nmethod 4191 0x00007fe9b91da190 code [0x00007fe9b91da340, 0x00007fe9b91da508]
Event: 53.138 Thread 0x00007fe9d0187000 4192       1       java.util.concurrent.ScheduledThreadPoolExecutor$ScheduledFutureTask::compareTo (101 bytes)
Event: 53.139 Thread 0x00007fe9d0187000 nmethod 4192 0x00007fe9b91d9a10 code [0x00007fe9b91d9c00, 0x00007fe9b91da038]
Event: 55.138 Thread 0x00007fe9d0187000 4193       1       java.lang.invoke.VarHandleGuards::guard_LLL_Z (70 bytes)
Event: 55.138 Thread 0x00007fe9d0187000 nmethod 4193 0x00007fe9b9267410 code [0x00007fe9b9267660, 0x00007fe9b9267d28]
Event: 56.138 Thread 0x00007fe9d0187000 4195       1       java.lang.invoke.VarHandleObjects$FieldInstanceReadWrite::compareAndSet (38 bytes)
Event: 56.139 Thread 0x00007fe9d0187000 nmethod 4195 0x00007fe9b9226610 code [0x00007fe9b9226860, 0x00007fe9b9226e88]
Event: 58.527 Thread 0x00007fe9d0187000 4196       1       org.apache.tomcat.util.net.NioEndpoint$NioSocketWrapper::interestOps (5 bytes)
Event: 58.527 Thread 0x00007fe9d0187000 nmethod 4196 0x00007fe9b91d9690 code [0x00007fe9b91d9840, 0x00007fe9b91d9970]
Event: 60.140 Thread 0x00007fe9d0187000 4197       1       java.util.concurrent.TimeUnit::toNanos (45 bytes)
Event: 60.140 Thread 0x00007fe9d0187000 nmethod 4197 0x00007fe9b91d9110 code [0x00007fe9b91d92c0, 0x00007fe9b91d9470]

GC Heap History (16 events):
Event: 0.470 GC heap before
{Heap before GC invocations=0 (full 0):
 garbage-first heap   total 131072K, used 14020K [0x0000000083800000, 0x0000000100000000)
  region size 1024K, 14 young (14336K), 0 survivors (0K)
 Metaspace       used 5956K, capacity 6261K, committed 6528K, reserved 1056768K
  class space    used 726K, capacity 853K, committed 896K, reserved 1048576K
}
Event: 0.481 GC heap after
{Heap after GC invocations=1 (full 0):
 garbage-first heap   total 131072K, used 5201K [0x0000000083800000, 0x0000000100000000)
  region size 1024K, 2 young (2048K), 2 survivors (2048K)
 Metaspace       used 5956K, capacity 6261K, committed 6528K, reserved 1056768K
  class space    used 726K, capacity 853K, committed 896K, reserved 1048576K
}
Event: 0.621 GC heap before
{Heap before GC invocations=1 (full 0):
 garbage-first heap   total 131072K, used 14417K [0x0000000083800000, 0x0000000100000000)
  region size 1024K, 11 young (11264K), 2 survivors (2048K)
 Metaspace       used 7424K, capacity 7836K, committed 8064K, reserved 1056768K
  class space    used 889K, capacity 1029K, committed 1152K, reserved 1048576K
}
Event: 0.629 GC heap after
{Heap after GC invocations=2 (full 0):
 garbage-first heap   total 131072K, used 6187K [0x0000000083800000, 0x0000000100000000)
  region size 1024K, 1 young (1024K), 1 survivors (1024K)
 Metaspace       used 7424K, capacity 7836K, committed 8064K, reserved 1056768K
  class space    used 889K, capacity 1029K, committed 1152K, reserved 1048576K
}
Event: 0.870 GC heap before
{Heap before GC invocations=2 (full 0):
 garbage-first heap   total 131072K, used 32811K [0x0000000083800000, 0x0000000100000000)
  region size 1024K, 27 young (27648K), 1 survivors (1024K)
 Metaspace       used 10027K, capacity 10495K, committed 10752K, reserved 1058816K
  class space    used 1210K, capacity 1431K, committed 1536K, reserved 1048576K
}
Event: 0.880 GC heap after
{Heap after GC invocations=3 (full 0):
 garbage-first heap   total 131072K, used 7400K [0x0000000083800000, 0x0000000100000000)
  region size 1024K, 2 young (2048K), 2 survivors (2048K)
 Metaspace       used 10027K, capacity 10495K, committed 10752K, reserved 1058816K
  class space    used 1210K, capacity 1431K, committed 1536K, reserved 1048576K
}
Event: 1.090 GC heap before
{Heap before GC invocations=3 (full 0):
 garbage-first heap   total 131072K, used 45288K [0x0000000083800000, 0x0000000100000000)
  region size 1024K, 40 young (40960K), 2 survivors (2048K)
 Metaspace       used 13074K, capacity 13777K, committed 14080K, reserved 1060864K
  class space    used 1669K, capacity 1938K, committed 2048K, reserved 1048576K
}
Event: 1.409 GC heap after
{Heap after GC invocations=4 (full 0):
 garbage-first heap   total 131072K, used 8582K [0x0000000083800000, 0x0000000100000000)
  region size 1024K, 3 young (3072K), 3 survivors (3072K)
 Metaspace       used 13074K, capacity 13777K, committed 14080K, reserved 1060864K
  class space    used 1669K, capacity 1938K, committed 2048K, reserved 1048576K
}
Event: 1.622 GC heap before
{Heap before GC invocations=4 (full 0):
 garbage-first heap   total 131072K, used 63878K [0x0000000083800000, 0x0000000100000000)
  region size 1024K, 57 young (58368K), 3 survivors (3072K)
 Metaspace       used 17362K, capacity 18193K, committed 18432K, reserved 1064960K
  class space    used 2200K, capacity 2516K, committed 2560K, reserved 1048576K
}
Event: 1.626 GC heap after
{Heap after GC invocations=5 (full 0):
 garbage-first heap   total 177152K, used 9068K [0x0000000083800000, 0x0000000100000000)
  region size 1024K, 4 young (4096K), 4 survivors (4096K)
 Metaspace       used 17362K, capacity 18193K, committed 18432K, reserved 1064960K
  class space    used 2200K, capacity 2516K, committed 2560K, reserved 1048576K
}
Event: 2.104 GC heap before
{Heap before GC invocations=5 (full 0):
 garbage-first heap   total 177152K, used 87916K [0x0000000083800000, 0x0000000100000000)
  region size 1024K, 81 young (82944K), 4 survivors (4096K)
 Metaspace       used 20047K, capacity 20974K, committed 21248K, reserved 1067008K
  class space    used 2599K, capacity 2968K, committed 3072K, reserved 1048576K
}
Event: 2.120 GC heap after
{Heap after GC invocations=6 (full 0):
 garbage-first heap   total 177152K, used 11810K [0x0000000083800000, 0x0000000100000000)
  region size 1024K, 7 young (7168K), 7 survivors (7168K)
 Metaspace       used 20047K, capacity 20974K, committed 21248K, reserved 1067008K
  class space    used 2599K, capacity 2968K, committed 3072K, reserved 1048576K
}
Event: 2.152 GC heap before
{Heap before GC invocations=6 (full 0):
 garbage-first heap   total 177152K, used 12834K [0x0000000083800000, 0x0000000100000000)
  region size 1024K, 9 young (9216K), 7 survivors (7168K)
 Metaspace       used 20119K, capacity 21038K, committed 21248K, reserved 1067008K
  class space    used 2607K, capacity 2968K, committed 3072K, reserved 1048576K
}
Event: 2.161 GC heap after
{Heap after GC invocations=7 (full 0):
 garbage-first heap   total 177152K, used 11416K [0x0000000083800000, 0x0000000100000000)
  region size 1024K, 6 young (6144K), 6 survivors (6144K)
 Metaspace       used 20119K, capacity 21038K, committed 21248K, reserved 1067008K
  class space    used 2607K, capacity 2968K, committed 3072K, reserved 1048576K
}
Event: 2.917 GC heap before
{Heap before GC invocations=8 (full 0):
 garbage-first heap   total 177152K, used 110744K [0x0000000083800000, 0x0000000100000000)
  region size 1024K, 103 young (105472K), 6 survivors (6144K)
 Metaspace       used 27035K, capacity 28200K, committed 28288K, reserved 1073152K
  class space    used 3475K, capacity 3937K, committed 3968K, reserved 1048576K
}
Event: 2.940 GC heap after
{Heap after GC invocations=9 (full 0):
 garbage-first heap   total 177152K, used 14726K [0x0000000083800000, 0x0000000100000000)
  region size 1024K, 9 young (9216K), 9 survivors (9216K)
 Metaspace       used 27035K, capacity 28200K, committed 28288K, reserved 1073152K
  class space    used 3475K, capacity 3937K, committed 3968K, reserved 1048576K
}

Deoptimization events (20 events):
Event: 22.432 Thread 0x00007fe9d101f800 DEOPT PACKING pc=0x00007fe9b9230aa4 sp=0x00007fe96dbe4f50
Event: 22.432 Thread 0x00007fe9d101f800 DEOPT UNPACKING pc=0x00007fe9b8945fba sp=0x00007fe96dbe4408 mode 1
Event: 22.432 Thread 0x00007fe9d101f800 DEOPT PACKING pc=0x00007fe9b91fb8bc sp=0x00007fe96dbe5020
Event: 22.432 Thread 0x00007fe9d101f800 DEOPT UNPACKING pc=0x00007fe9b8945fba sp=0x00007fe96dbe44f8 mode 1
Event: 22.432 Thread 0x00007fe9d101f800 DEOPT PACKING pc=0x00007fe9b9230aa4 sp=0x00007fe96dbe5010
Event: 22.432 Thread 0x00007fe9d101f800 DEOPT UNPACKING pc=0x00007fe9b8945fba sp=0x00007fe96dbe44c8 mode 1
Event: 22.432 Thread 0x00007fe9d101f800 DEOPT PACKING pc=0x00007fe9b91fb8bc sp=0x00007fe96dbe50e0
Event: 22.432 Thread 0x00007fe9d101f800 DEOPT UNPACKING pc=0x00007fe9b8945fba sp=0x00007fe96dbe45b8 mode 1
Event: 61.525 Thread 0x00007fe9d01eb000 DEOPT PACKING pc=0x00007fe9b93146cc sp=0x00007fe9a8419020
Event: 61.525 Thread 0x00007fe9d01eb000 DEOPT UNPACKING pc=0x00007fe9b8945fba sp=0x00007fe9a84185d8 mode 1
Event: 61.525 Thread 0x00007fe9d01eb000 DEOPT PACKING pc=0x00007fe9b91de81c sp=0x00007fe9a84191d0
Event: 61.525 Thread 0x00007fe9d01eb000 DEOPT UNPACKING pc=0x00007fe9b8945fba sp=0x00007fe9a84186f8 mode 1
Event: 61.525 Thread 0x00007fe9d01eb000 DEOPT PACKING pc=0x00007fe9b911f454 sp=0x00007fe9a84192b0
Event: 61.525 Thread 0x00007fe9d01eb000 DEOPT UNPACKING pc=0x00007fe9b8945fba sp=0x00007fe9a84188c0 mode 1
Event: 61.525 Thread 0x00007fe9d01eb000 DEOPT PACKING pc=0x00007fe9b91ca7ec sp=0x00007fe9a8419500
Event: 61.525 Thread 0x00007fe9d01eb000 DEOPT UNPACKING pc=0x00007fe9b8945fba sp=0x00007fe9a8418b90 mode 1
Event: 61.525 Thread 0x00007fe9d01eb000 DEOPT PACKING pc=0x00007fe9b923edbc sp=0x00007fe9a8419800
Event: 61.525 Thread 0x00007fe9d01eb000 DEOPT UNPACKING pc=0x00007fe9b8945fba sp=0x00007fe9a8418cb0 mode 1
Event: 61.525 Thread 0x00007fe9d01eb000 DEOPT PACKING pc=0x00007fe9b9044d04 sp=0x00007fe9a84198c0
Event: 61.525 Thread 0x00007fe9d01eb000 DEOPT UNPACKING pc=0x00007fe9b8945fba sp=0x00007fe9a8418dc0 mode 1

Classes redefined (0 events):
No events

Internal exceptions (20 events):
Event: 2.674 Thread 0x00007fe9d001a000 Exception <a 'java/lang/ClassNotFoundException'{0x00000000899f4ac8}: org/springframework/context/ApplicationListenerCustomizer> (0x00000000899f4ac8) thrown at [src/hotspot/share/classfile/systemDictionary.cpp, line 231]
Event: 2.674 Thread 0x00007fe9d001a000 Exception <a 'java/lang/ClassNotFoundException'{0x00000000899f7498}: java/util/EventListenerCustomizer> (0x00000000899f7498) thrown at [src/hotspot/share/classfile/systemDictionary.cpp, line 231]
Event: 2.675 Thread 0x00007fe9d001a000 Exception <a 'java/lang/ClassNotFoundException'{0x0000000089802ed0}: org/springframework/beans/factory/InitializingBeanCustomizer> (0x0000000089802ed0) thrown at [src/hotspot/share/classfile/systemDictionary.cpp, line 231]
Event: 2.791 Thread 0x00007fe9d001a000 Exception <a 'java/lang/ClassNotFoundException'{0x0000000088a42190}: java/lang/ObjectCustomizer> (0x0000000088a42190) thrown at [src/hotspot/share/classfile/systemDictionary.cpp, line 231]
Event: 2.791 Thread 0x00007fe9d001a000 Exception <a 'java/lang/ClassNotFoundException'{0x0000000088a51f50}: org/springframework/web/servlet/config/annotation/WebMvcConfigurationSupportCustomizer> (0x0000000088a51f50) thrown at [src/hotspot/share/classfile/systemDictionary.cpp, line 231]
Event: 2.792 Thread 0x00007fe9d001a000 Exception <a 'java/lang/ClassNotFoundException'{0x0000000088a6cbe0}: org/springframework/web/servlet/config/annotation/DelegatingWebMvcConfigurationCustomizer> (0x0000000088a6cbe0) thrown at [src/hotspot/share/classfile/systemDictionary.cpp, line 231]
Event: 2.793 Thread 0x00007fe9d001a000 Exception <a 'java/lang/ClassNotFoundException'{0x0000000088a7fd40}: org/springframework/boot/autoconfigure/web/servlet/WebMvcAutoConfiguration$EnableWebMvcConfigurationCustomizer> (0x0000000088a7fd40) thrown at [src/hotspot/share/classfile/systemDictionary.cpp, line 231]
Event: 2.793 Thread 0x00007fe9d001a000 Exception <a 'java/lang/ClassNotFoundException'{0x0000000088a9ad10}: org/springframework/context/ResourceLoaderAwareCustomizer> (0x0000000088a9ad10) thrown at [src/hotspot/share/classfile/systemDictionary.cpp, line 231]
Event: 2.794 Thread 0x00007fe9d001a000 Exception <a 'java/lang/ClassNotFoundException'{0x0000000088aa54d8}: org/springframework/beans/factory/AwareCustomizer> (0x0000000088aa54d8) thrown at [src/hotspot/share/classfile/systemDictionary.cpp, line 231]
Event: 2.794 Thread 0x00007fe9d001a000 Exception <a 'java/lang/ClassNotFoundException'{0x0000000088ab01c0}: org/springframework/context/ApplicationContextAwareCustomizer> (0x0000000088ab01c0) thrown at [src/hotspot/share/classfile/systemDictionary.cpp, line 231]
Event: 2.794 Thread 0x00007fe9d001a000 Exception <a 'java/lang/ClassNotFoundException'{0x0000000088abaee0}: org/springframework/beans/factory/AwareCustomizer> (0x0000000088abaee0) thrown at [src/hotspot/share/classfile/systemDictionary.cpp, line 231]
Event: 2.794 Thread 0x00007fe9d001a000 Exception <a 'java/lang/ClassNotFoundException'{0x0000000088ac5be0}: org/springframework/web/context/ServletContextAwareCustomizer> (0x0000000088ac5be0) thrown at [src/hotspot/share/classfile/systemDictionary.cpp, line 231]
Event: 2.795 Thread 0x00007fe9d001a000 Exception <a 'java/lang/ClassNotFoundException'{0x0000000088ad0820}: org/springframework/beans/factory/AwareCustomizer> (0x0000000088ad0820) thrown at [src/hotspot/share/classfile/systemDictionary.cpp, line 231]
Event: 2.801 Thread 0x00007fe9d001a000 Exception <a 'java/lang/NoSuchMethodError'{0x0000000088935d30}: 'void java.lang.invoke.DirectMethodHandle$Holder.invokeVirtual(java.lang.Object, java.lang.Object, java.lang.Object, java.lang.Object)'> (0x0000000088935d30) thrown at [src/hotspot/share/interpreter/linkResolver.cpp, line 772]
Event: 2.949 Thread 0x00007fe968002000 Exception <a 'java/lang/reflect/InvocationTargetException'{0x000000008e2822d0}> (0x000000008e2822d0) thrown at [src/hotspot/share/runtime/reflection.cpp, line 1245]
Event: 3.007 Thread 0x00007fe9d001a000 Exception <a 'java/lang/NoSuchMethodError'{0x000000008db4b0d8}: 'void java.lang.invoke.DirectMethodHandle$Holder.invokeVirtual(java.lang.Object, java.lang.Object, int)'> (0x000000008db4b0d8) thrown at [src/hotspot/share/interpreter/linkResolver.cpp, line 772]
Event: 3.008 Thread 0x00007fe9d001a000 Exception <a 'java/lang/NoSuchMethodError'{0x000000008db64f70}: 'void java.lang.invoke.DirectMethodHandle$Holder.invokeVirtual(java.lang.Object, java.lang.Object, long)'> (0x000000008db64f70) thrown at [src/hotspot/share/interpreter/linkResolver.cpp, line 772]
Event: 3.069 Thread 0x00007fe9d001a000 Exception <a 'java/lang/NoSuchMethodError'{0x000000008d114b18}: 'java.lang.Object java.lang.invoke.DirectMethodHandle$Holder.invokeInterface(java.lang.Object, java.lang.Object, java.lang.Object)'> (0x000000008d114b18) thrown at [src/hotspot/share/interpreter/linkResolver.cpp, line 772]
Event: 3.070 Thread 0x00007fe9d001a000 Exception <a 'java/lang/IncompatibleClassChangeError'{0x000000008d117aa0}: Found class java.lang.Object, but interface was expected> (0x000000008d117aa0) thrown at [src/hotspot/share/interpreter/linkResolver.cpp, line 839]
Event: 3.092 Thread 0x00007fe9d001a000 Exception <a 'java/lang/NoSuchMethodError'{0x000000008cf25388}: 'int java.lang.invoke.DirectMethodHandle$Holder.invokeStaticInit(java.lang.Object, java.lang.Object, java.lang.Object, java.lang.Object)'> (0x000000008cf25388) thrown at [src/hotspot/share/interpreter/linkResolver.cpp, line 772]

Events (20 events):
Event: 22.438 Thread 0x00007fe9d0189000 flushing nmethod 0x00007fe9b9605110
Event: 22.438 Thread 0x00007fe9d0189000 flushing nmethod 0x00007fe9b9609b90
Event: 22.438 Thread 0x00007fe9d0189000 flushing nmethod 0x00007fe9b960d110
Event: 22.438 Thread 0x00007fe9d0189000 flushing nmethod 0x00007fe9b960e590
Event: 22.438 Thread 0x00007fe9d0189000 flushing nmethod 0x00007fe9b960f190
Event: 22.438 Thread 0x00007fe9d0189000 flushing nmethod 0x00007fe9b960f990
Event: 22.439 Thread 0x00007fe9d0189000 flushing nmethod 0x00007fe9b9646d10
Event: 22.439 Thread 0x00007fe9d0189000 flushing nmethod 0x00007fe9b9651290
Event: 22.439 Thread 0x00007fe9d0189000 flushing nmethod 0x00007fe9b968bb10
Event: 22.439 Thread 0x00007fe9d0189000 flushing nmethod 0x00007fe9b968ca10
Event: 22.439 Thread 0x00007fe9d0189000 flushing nmethod 0x00007fe9b96bc310
Event: 22.439 Executing VM operation: RevokeBias
Event: 22.439 Executing VM operation: RevokeBias done
Event: 22.440 loading class org/apache/catalina/AccessLog
Event: 22.440 loading class org/apache/catalina/AccessLog done
Event: 30.523 loading class sun/net/ResourceManager
Event: 30.523 loading class sun/net/ResourceManager done
Event: 60.583 Executing VM operation: RevokeBias
Event: 60.584 Executing VM operation: RevokeBias done
Event: 61.526 Executing VM operation: RedefineClasses


Dynamic libraries:
83800000-8e300000 rw-p 00000000 00:00 0 
8e300000-ffe00000 ---p 00000000 00:00 0 
ffe00000-ffe47000 rw-p 0110b000 08:05 1845396                            /usr/lib/jvm/java-11-openjdk-amd64/lib/server/classes.jsa
ffe47000-fff00000 rw-p 00000000 00:00 0 
fff00000-fff6a000 rw-p 010a1000 08:05 1845396                            /usr/lib/jvm/java-11-openjdk-amd64/lib/server/classes.jsa
fff6a000-100000000 rw-p 00000000 00:00 0 
800000000-800002000 rwxp 00001000 08:05 1845396                          /usr/lib/jvm/java-11-openjdk-amd64/lib/server/classes.jsa
800002000-8010a0000 rw-p 00003000 08:05 1845396                          /usr/lib/jvm/java-11-openjdk-amd64/lib/server/classes.jsa
840000000-8404c0000 rw-p 00000000 00:00 0 
8404c0000-880000000 ---p 00000000 00:00 0 
55749988a000-55749988b000 r--p 00000000 08:05 1844048                    /usr/lib/jvm/java-11-openjdk-amd64/bin/java
55749988b000-55749988c000 r-xp 00001000 08:05 1844048                    /usr/lib/jvm/java-11-openjdk-amd64/bin/java
55749988c000-55749988d000 r--p 00002000 08:05 1844048                    /usr/lib/jvm/java-11-openjdk-amd64/bin/java
55749988d000-55749988e000 r--p 00002000 08:05 1844048                    /usr/lib/jvm/java-11-openjdk-amd64/bin/java
55749988e000-55749988f000 rw-p 00003000 08:05 1844048                    /usr/lib/jvm/java-11-openjdk-amd64/bin/java
557499d44000-557499d86000 rw-p 00000000 00:00 0                          [heap]
7fe930000000-7fe930021000 rw-p 00000000 00:00 0 
7fe930021000-7fe934000000 ---p 00000000 00:00 0 
7fe938000000-7fe938022000 rw-p 00000000 00:00 0 
7fe938022000-7fe93c000000 ---p 00000000 00:00 0 
7fe93c000000-7fe93c1aa000 rw-p 00000000 00:00 0 
7fe93c1aa000-7fe940000000 ---p 00000000 00:00 0 
7fe940000000-7fe940021000 rw-p 00000000 00:00 0 
7fe940021000-7fe944000000 ---p 00000000 00:00 0 
7fe944000000-7fe9440f7000 rw-p 00000000 00:00 0 
7fe9440f7000-7fe948000000 ---p 00000000 00:00 0 
7fe948000000-7fe948036000 rw-p 00000000 00:00 0 
7fe948036000-7fe94c000000 ---p 00000000 00:00 0 
7fe94c000000-7fe94c021000 rw-p 00000000 00:00 0 
7fe94c021000-7fe950000000 ---p 00000000 00:00 0 
7fe950000000-7fe950021000 rw-p 00000000 00:00 0 
7fe950021000-7fe954000000 ---p 00000000 00:00 0 
7fe954000000-7fe954021000 rw-p 00000000 00:00 0 
7fe954021000-7fe958000000 ---p 00000000 00:00 0 
7fe958000000-7fe958021000 rw-p 00000000 00:00 0 
7fe958021000-7fe95c000000 ---p 00000000 00:00 0 
7fe95c000000-7fe95c021000 rw-p 00000000 00:00 0 
7fe95c021000-7fe960000000 ---p 00000000 00:00 0 
7fe960000000-7fe960021000 rw-p 00000000 00:00 0 
7fe960021000-7fe964000000 ---p 00000000 00:00 0 
7fe964000000-7fe964021000 rw-p 00000000 00:00 0 
7fe964021000-7fe968000000 ---p 00000000 00:00 0 
7fe968000000-7fe968025000 rw-p 00000000 00:00 0 
7fe968025000-7fe96c000000 ---p 00000000 00:00 0 
7fe96c3d5000-7fe96c515000 rw-p 00000000 00:00 0 
7fe96c515000-7fe96c5d9000 ---p 00000000 00:00 0 
7fe96c5d9000-7fe96c6d6000 rw-p 00000000 00:00 0 
7fe96c6d6000-7fe96c6da000 ---p 00000000 00:00 0 
7fe96c6da000-7fe96c7d7000 rw-p 00000000 00:00 0 
7fe96c7d7000-7fe96c7db000 ---p 00000000 00:00 0 
7fe96c7db000-7fe96c8d8000 rw-p 00000000 00:00 0 
7fe96c8d8000-7fe96c8dc000 ---p 00000000 00:00 0 
7fe96c8dc000-7fe96c9d9000 rw-p 00000000 00:00 0 
7fe96c9d9000-7fe96c9dd000 ---p 00000000 00:00 0 
7fe96c9dd000-7fe96cada000 rw-p 00000000 00:00 0 
7fe96cada000-7fe96cade000 ---p 00000000 00:00 0 
7fe96cade000-7fe96cbdb000 rw-p 00000000 00:00 0 
7fe96cbdb000-7fe96cbdf000 ---p 00000000 00:00 0 
7fe96cbdf000-7fe96ccdc000 rw-p 00000000 00:00 0 
7fe96ccdc000-7fe96cce0000 ---p 00000000 00:00 0 
7fe96cce0000-7fe96cddd000 rw-p 00000000 00:00 0 
7fe96cddd000-7fe96cde1000 ---p 00000000 00:00 0 
7fe96cde1000-7fe96d0de000 rw-p 00000000 00:00 0 
7fe96d0de000-7fe96d0e2000 ---p 00000000 00:00 0 
7fe96d0e2000-7fe96d1df000 rw-p 00000000 00:00 0 
7fe96d1df000-7fe96d1e3000 ---p 00000000 00:00 0 
7fe96d1e3000-7fe96d2e0000 rw-p 00000000 00:00 0 
7fe96d2e0000-7fe96d2e4000 ---p 00000000 00:00 0 
7fe96d2e4000-7fe96d3e1000 rw-p 00000000 00:00 0 
7fe96d3e1000-7fe96d3e5000 ---p 00000000 00:00 0 
7fe96d3e5000-7fe96d4e2000 rw-p 00000000 00:00 0 
7fe96d4e2000-7fe96d4e6000 ---p 00000000 00:00 0 
7fe96d4e6000-7fe96d5e3000 rw-p 00000000 00:00 0 
7fe96d5e3000-7fe96d5e7000 ---p 00000000 00:00 0 
7fe96d5e7000-7fe96d6e4000 rw-p 00000000 00:00 0 
7fe96d6e4000-7fe96d6e8000 ---p 00000000 00:00 0 
7fe96d6e8000-7fe96d7e5000 rw-p 00000000 00:00 0 
7fe96d7e5000-7fe96d7e9000 ---p 00000000 00:00 0 
7fe96d7e9000-7fe96d8e6000 rw-p 00000000 00:00 0 
7fe96d8e6000-7fe96d8ea000 ---p 00000000 00:00 0 
7fe96d8ea000-7fe96d9e7000 rw-p 00000000 00:00 0 
7fe96d9e7000-7fe96d9eb000 ---p 00000000 00:00 0 
7fe96d9eb000-7fe96dae8000 rw-p 00000000 00:00 0 
7fe96dae8000-7fe96daec000 ---p 00000000 00:00 0 
7fe96daec000-7fe96dbe9000 rw-p 00000000 00:00 0 
7fe96dbe9000-7fe96dbed000 ---p 00000000 00:00 0 
7fe96dbed000-7fe96dcea000 rw-p 00000000 00:00 0 
7fe96dcea000-7fe96dcee000 ---p 00000000 00:00 0 
7fe96dcee000-7fe96dfeb000 rw-p 00000000 00:00 0 
7fe96dfeb000-7fe96e1eb000 rw-p 00000000 00:00 0 
7fe96e1eb000-7fe96e1ef000 ---p 00000000 00:00 0 
7fe96e1ef000-7fe96e2ec000 rw-p 00000000 00:00 0 
7fe96e2ec000-7fe96e2f0000 ---p 00000000 00:00 0 
7fe96e2f0000-7fe96e5ed000 rw-p 00000000 00:00 0 
7fe96e5ed000-7fe96e7ed000 rw-p 00000000 00:00 0 
7fe96e7ed000-7fe96e9ed000 rw-p 00000000 00:00 0 
7fe96e9ed000-7fe96ebed000 rw-p 00000000 00:00 0 
7fe96ebed000-7fe96eded000 rw-p 00000000 00:00 0 
7fe96eded000-7fe96edee000 ---p 00000000 00:00 0 
7fe96edee000-7fe96eeef000 rw-p 00000000 00:00 0 
7fe96eeef000-7fe96eef3000 ---p 00000000 00:00 0 
7fe96eef3000-7fe96f1f0000 rw-p 00000000 00:00 0 
7fe96f1f0000-7fe96f3f0000 rw-p 00000000 00:00 0 
7fe96f3f0000-7fe96f3f4000 ---p 00000000 00:00 0 
7fe96f3f4000-7fe96f4f1000 rw-p 00000000 00:00 0 
7fe96f4f1000-7fe96f4f5000 ---p 00000000 00:00 0 
7fe96f4f5000-7fe96f5f2000 rw-p 00000000 00:00 0 
7fe96f5f2000-7fe96f5f6000 ---p 00000000 00:00 0 
7fe96f5f6000-7fe96f6f3000 rw-p 00000000 00:00 0 
7fe96f6f3000-7fe96f6f7000 ---p 00000000 00:00 0 
7fe96f6f7000-7fe96f7f4000 rw-p 00000000 00:00 0 
7fe96f7f4000-7fe96f7f8000 ---p 00000000 00:00 0 
7fe96f7f8000-7fe96f8f5000 rw-p 00000000 00:00 0 
7fe96f8f5000-7fe96f8f6000 ---p 00000000 00:00 0 
7fe96f8f6000-7fe96f9f7000 rw-p 00000000 00:00 0 
7fe96f9f7000-7fe96f9f8000 ---p 00000000 00:00 0 
7fe96f9f8000-7fe96faf9000 rw-p 00000000 00:00 0 
7fe96faf9000-7fe96fafd000 ---p 00000000 00:00 0 
7fe96fafd000-7fe96fbfa000 rw-p 00000000 00:00 0 
7fe96fbfa000-7fe96fbfb000 ---p 00000000 00:00 0 
7fe96fbfb000-7fe96fcfc000 rw-p 00000000 00:00 0 
7fe96fcfc000-7fe96fcfd000 ---p 00000000 00:00 0 
7fe96fcfd000-7fe96fdfe000 rw-p 00000000 00:00 0 
7fe96fdfe000-7fe96fe02000 ---p 00000000 00:00 0 
7fe96fe02000-7fe96feff000 rw-p 00000000 00:00 0 
7fe96feff000-7fe96ff03000 ---p 00000000 00:00 0 
7fe96ff03000-7fe970000000 rw-p 00000000 00:00 0 
7fe970000000-7fe970021000 rw-p 00000000 00:00 0 
7fe970021000-7fe974000000 ---p 00000000 00:00 0 
7fe974000000-7fe974021000 rw-p 00000000 00:00 0 
7fe974021000-7fe978000000 ---p 00000000 00:00 0 
7fe978000000-7fe978034000 rw-p 00000000 00:00 0 
7fe978034000-7fe97c000000 ---p 00000000 00:00 0 
7fe97c000000-7fe97c021000 rw-p 00000000 00:00 0 
7fe97c021000-7fe980000000 ---p 00000000 00:00 0 
7fe980000000-7fe980021000 rw-p 00000000 00:00 0 
7fe980021000-7fe984000000 ---p 00000000 00:00 0 
7fe984000000-7fe984021000 rw-p 00000000 00:00 0 
7fe984021000-7fe988000000 ---p 00000000 00:00 0 
7fe988000000-7fe988021000 rw-p 00000000 00:00 0 
7fe988021000-7fe98c000000 ---p 00000000 00:00 0 
7fe98c000000-7fe98c47a000 rw-p 00000000 00:00 0 
7fe98c47a000-7fe990000000 ---p 00000000 00:00 0 
7fe990000000-7fe990021000 rw-p 00000000 00:00 0 
7fe990021000-7fe994000000 ---p 00000000 00:00 0 
7fe994000000-7fe994021000 rw-p 00000000 00:00 0 
7fe994021000-7fe998000000 ---p 00000000 00:00 0 
7fe998000000-7fe998021000 rw-p 00000000 00:00 0 
7fe998021000-7fe99c000000 ---p 00000000 00:00 0 
7fe99c000000-7fe99c1dc000 rw-p 00000000 00:00 0 
7fe99c1dc000-7fe9a0000000 ---p 00000000 00:00 0 
7fe9a0000000-7fe9a0021000 rw-p 00000000 00:00 0 
7fe9a0021000-7fe9a4000000 ---p 00000000 00:00 0 
7fe9a4000000-7fe9a4021000 rw-p 00000000 00:00 0 
7fe9a4021000-7fe9a8000000 ---p 00000000 00:00 0 
7fe9a8018000-7fe9a801c000 ---p 00000000 00:00 0 
7fe9a801c000-7fe9a8119000 rw-p 00000000 00:00 0 
7fe9a8119000-7fe9a811d000 ---p 00000000 00:00 0 
7fe9a811d000-7fe9a821a000 rw-p 00000000 00:00 0 
7fe9a821a000-7fe9a821e000 ---p 00000000 00:00 0 
7fe9a821e000-7fe9a831b000 rw-p 00000000 00:00 0 
7fe9a831b000-7fe9a831f000 ---p 00000000 00:00 0 
7fe9a831f000-7fe9a841c000 rw-p 00000000 00:00 0 
7fe9a841c000-7fe9a8420000 ---p 00000000 00:00 0 
7fe9a8420000-7fe9a851d000 rw-p 00000000 00:00 0 
7fe9a851d000-7fe9a8521000 ---p 00000000 00:00 0 
7fe9a8521000-7fe9a861e000 rw-p 00000000 00:00 0 
7fe9a861e000-7fe9a8622000 ---p 00000000 00:00 0 
7fe9a8622000-7fe9a871f000 rw-p 00000000 00:00 0 
7fe9a871f000-7fe9a8723000 ---p 00000000 00:00 0 
7fe9a8723000-7fe9a8820000 rw-p 00000000 00:00 0 
7fe9a8820000-7fe9a95fe000 r--p 00000000 08:05 1711155                    /usr/lib/locale/locale-archive
7fe9a95fe000-7fe9a9602000 ---p 00000000 00:00 0 
7fe9a9602000-7fe9a96ff000 rw-p 00000000 00:00 0 
7fe9a96ff000-7fe9a9703000 ---p 00000000 00:00 0 
7fe9a9703000-7fe9ac000000 rw-p 00000000 00:00 0 
7fe9ac000000-7fe9ac021000 rw-p 00000000 00:00 0 
7fe9ac021000-7fe9b0000000 ---p 00000000 00:00 0 
7fe9b003d000-7fe9b003e000 ---p 00000000 00:00 0 
7fe9b003e000-7fe9b046c000 rw-p 00000000 00:00 0 
7fe9b046c000-7fe9b20d8000 ---p 00000000 00:00 0 
7fe9b20d8000-7fe9b238c000 rw-p 00000000 00:00 0 
7fe9b238c000-7fe9b3ff8000 ---p 00000000 00:00 0 
7fe9b3ff8000-7fe9b4000000 rw-p 00000000 00:00 0 
7fe9b4000000-7fe9b4021000 rw-p 00000000 00:00 0 
7fe9b4021000-7fe9b8000000 ---p 00000000 00:00 0 
7fe9b804a000-7fe9b804e000 r--p 00000000 08:05 1844201                    /usr/lib/jvm/java-11-openjdk-amd64/lib/libnet.so
7fe9b804e000-7fe9b805d000 r-xp 00004000 08:05 1844201                    /usr/lib/jvm/java-11-openjdk-amd64/lib/libnet.so
7fe9b805d000-7fe9b8061000 r--p 00013000 08:05 1844201                    /usr/lib/jvm/java-11-openjdk-amd64/lib/libnet.so
7fe9b8061000-7fe9b8062000 r--p 00016000 08:05 1844201                    /usr/lib/jvm/java-11-openjdk-amd64/lib/libnet.so
7fe9b8062000-7fe9b8063000 rw-p 00017000 08:05 1844201                    /usr/lib/jvm/java-11-openjdk-amd64/lib/libnet.so
7fe9b8063000-7fe9b80be000 rw-p 00000000 00:00 0 
7fe9b80be000-7fe9b80bf000 ---p 00000000 00:00 0 
7fe9b80bf000-7fe9b81c0000 rw-p 00000000 00:00 0 
7fe9b81c0000-7fe9b81c1000 ---p 00000000 00:00 0 
7fe9b81c1000-7fe9b86c6000 rw-p 00000000 00:00 0 
7fe9b86c6000-7fe9b86c7000 ---p 00000000 00:00 0 
7fe9b86c7000-7fe9b87c8000 rw-p 00000000 00:00 0 
7fe9b87c8000-7fe9b87c9000 ---p 00000000 00:00 0 
7fe9b87c9000-7fe9b890d000 rw-p 00000000 00:00 0 
7fe9b890d000-7fe9b8b7d000 rwxp 00000000 00:00 0 
7fe9b8b7d000-7fe9b8fb4000 ---p 00000000 00:00 0 
7fe9b8fb4000-7fe9b9714000 rwxp 00000000 00:00 0 
7fe9b9714000-7fe9c790d000 ---p 00000000 00:00 0 
7fe9c790d000-7fe9d0000000 r--s 00000000 08:05 1844211                    /usr/lib/jvm/java-11-openjdk-amd64/lib/modules
7fe9d0000000-7fe9d18b0000 rw-p 00000000 00:00 0 
7fe9d18b0000-7fe9d4000000 ---p 00000000 00:00 0 
7fe9d4000000-7fe9d4001000 r--p 00000000 08:05 1844182                    /usr/lib/jvm/java-11-openjdk-amd64/lib/libextnet.so
7fe9d4001000-7fe9d4002000 r-xp 00001000 08:05 1844182                    /usr/lib/jvm/java-11-openjdk-amd64/lib/libextnet.so
7fe9d4002000-7fe9d4003000 r--p 00002000 08:05 1844182                    /usr/lib/jvm/java-11-openjdk-amd64/lib/libextnet.so
7fe9d4003000-7fe9d4004000 r--p 00002000 08:05 1844182                    /usr/lib/jvm/java-11-openjdk-amd64/lib/libextnet.so
7fe9d4004000-7fe9d4005000 rw-p 00003000 08:05 1844182                    /usr/lib/jvm/java-11-openjdk-amd64/lib/libextnet.so
7fe9d4005000-7fe9d4007000 r--p 00000000 08:05 1844199                    /usr/lib/jvm/java-11-openjdk-amd64/lib/libmanagement_ext.so
7fe9d4007000-7fe9d400a000 r-xp 00002000 08:05 1844199                    /usr/lib/jvm/java-11-openjdk-amd64/lib/libmanagement_ext.so
7fe9d400a000-7fe9d400b000 r--p 00005000 08:05 1844199                    /usr/lib/jvm/java-11-openjdk-amd64/lib/libmanagement_ext.so
7fe9d400b000-7fe9d400c000 ---p 00006000 08:05 1844199                    /usr/lib/jvm/java-11-openjdk-amd64/lib/libmanagement_ext.so
7fe9d400c000-7fe9d400d000 r--p 00006000 08:05 1844199                    /usr/lib/jvm/java-11-openjdk-amd64/lib/libmanagement_ext.so
7fe9d400d000-7fe9d400e000 rw-p 00007000 08:05 1844199                    /usr/lib/jvm/java-11-openjdk-amd64/lib/libmanagement_ext.so
7fe9d400e000-7fe9d4011000 r--p 00000000 08:05 1844197                    /usr/lib/jvm/java-11-openjdk-amd64/lib/libmanagement.so
7fe9d4011000-7fe9d4012000 r-xp 00003000 08:05 1844197                    /usr/lib/jvm/java-11-openjdk-amd64/lib/libmanagement.so
7fe9d4012000-7fe9d4013000 r--p 00004000 08:05 1844197                    /usr/lib/jvm/java-11-openjdk-amd64/lib/libmanagement.so
7fe9d4013000-7fe9d4014000 r--p 00004000 08:05 1844197                    /usr/lib/jvm/java-11-openjdk-amd64/lib/libmanagement.so
7fe9d4014000-7fe9d4015000 rw-p 00005000 08:05 1844197                    /usr/lib/jvm/java-11-openjdk-amd64/lib/libmanagement.so
7fe9d4015000-7fe9d401c000 r--p 00000000 08:05 1844202                    /usr/lib/jvm/java-11-openjdk-amd64/lib/libnio.so
7fe9d401c000-7fe9d4024000 r-xp 00007000 08:05 1844202                    /usr/lib/jvm/java-11-openjdk-amd64/lib/libnio.so
7fe9d4024000-7fe9d4027000 r--p 0000f000 08:05 1844202                    /usr/lib/jvm/java-11-openjdk-amd64/lib/libnio.so
7fe9d4027000-7fe9d4028000 r--p 00011000 08:05 1844202                    /usr/lib/jvm/java-11-openjdk-amd64/lib/libnio.so
7fe9d4028000-7fe9d4029000 rw-p 00012000 08:05 1844202                    /usr/lib/jvm/java-11-openjdk-amd64/lib/libnio.so
7fe9d4029000-7fe9d402b000 r--p 00000000 08:05 1844181                    /usr/lib/jvm/java-11-openjdk-amd64/lib/libdt_socket.so
7fe9d402b000-7fe9d402e000 r-xp 00002000 08:05 1844181                    /usr/lib/jvm/java-11-openjdk-amd64/lib/libdt_socket.so
7fe9d402e000-7fe9d402f000 r--p 00005000 08:05 1844181                    /usr/lib/jvm/java-11-openjdk-amd64/lib/libdt_socket.so
7fe9d402f000-7fe9d4030000 r--p 00005000 08:05 1844181                    /usr/lib/jvm/java-11-openjdk-amd64/lib/libdt_socket.so
7fe9d4030000-7fe9d4031000 rw-p 00006000 08:05 1844181                    /usr/lib/jvm/java-11-openjdk-amd64/lib/libdt_socket.so
7fe9d4031000-7fe9d4038000 r--s 00000000 08:05 525218                     /usr/lib/x86_64-linux-gnu/gconv/gconv-modules.cache
7fe9d4038000-7fe9d408e000 rw-p 00000000 00:00 0 
7fe9d408e000-7fe9d441b000 ---p 00000000 00:00 0 
7fe9d441b000-7fe9d4472000 rw-p 00000000 00:00 0 
7fe9d4472000-7fe9d47ff000 ---p 00000000 00:00 0 
7fe9d47ff000-7fe9d4856000 rw-p 00000000 00:00 0 
7fe9d4856000-7fe9d4be3000 ---p 00000000 00:00 0 
7fe9d4be3000-7fe9d4fe8000 rw-p 00000000 00:00 0 
7fe9d4fe8000-7fe9d4fe9000 ---p 00000000 00:00 0 
7fe9d4fe9000-7fe9d50f9000 rw-p 00000000 00:00 0 
7fe9d50f9000-7fe9d52bd000 ---p 00000000 00:00 0 
7fe9d52bd000-7fe9d52c2000 rw-p 00000000 00:00 0 
7fe9d52c2000-7fe9d52cb000 ---p 00000000 00:00 0 
7fe9d52cb000-7fe9d52cd000 r--s 0000c000 08:05 1844357                    /usr/share/java/java-atk-wrapper.jar
7fe9d52cd000-7fe9d52cf000 r--p 00000000 08:05 1844193                    /usr/lib/jvm/java-11-openjdk-amd64/lib/libjimage.so
7fe9d52cf000-7fe9d52d2000 r-xp 00002000 08:05 1844193                    /usr/lib/jvm/java-11-openjdk-amd64/lib/libjimage.so
7fe9d52d2000-7fe9d52d3000 r--p 00005000 08:05 1844193                    /usr/lib/jvm/java-11-openjdk-amd64/lib/libjimage.so
7fe9d52d3000-7fe9d52d4000 ---p 00006000 08:05 1844193                    /usr/lib/jvm/java-11-openjdk-amd64/lib/libjimage.so
7fe9d52d4000-7fe9d52d5000 r--p 00006000 08:05 1844193                    /usr/lib/jvm/java-11-openjdk-amd64/lib/libjimage.so
7fe9d52d5000-7fe9d52d6000 rw-p 00007000 08:05 1844193                    /usr/lib/jvm/java-11-openjdk-amd64/lib/libjimage.so
7fe9d52d6000-7fe9d52d9000 r--p 00000000 08:05 1712586                    /usr/lib/x86_64-linux-gnu/libnss_files-2.31.so
7fe9d52d9000-7fe9d52e0000 r-xp 00003000 08:05 1712586                    /usr/lib/x86_64-linux-gnu/libnss_files-2.31.so
7fe9d52e0000-7fe9d52e2000 r--p 0000a000 08:05 1712586                    /usr/lib/x86_64-linux-gnu/libnss_files-2.31.so
7fe9d52e2000-7fe9d52e3000 r--p 0000b000 08:05 1712586                    /usr/lib/x86_64-linux-gnu/libnss_files-2.31.so
7fe9d52e3000-7fe9d52e4000 rw-p 0000c000 08:05 1712586                    /usr/lib/x86_64-linux-gnu/libnss_files-2.31.so
7fe9d52e4000-7fe9d52ea000 rw-p 00000000 00:00 0 
7fe9d52eb000-7fe9d52ed000 r--p 00000000 08:05 1844210                    /usr/lib/jvm/java-11-openjdk-amd64/lib/libzip.so
7fe9d52ed000-7fe9d52f1000 r-xp 00002000 08:05 1844210                    /usr/lib/jvm/java-11-openjdk-amd64/lib/libzip.so
7fe9d52f1000-7fe9d52f3000 r--p 00006000 08:05 1844210                    /usr/lib/jvm/java-11-openjdk-amd64/lib/libzip.so
7fe9d52f3000-7fe9d52f4000 r--p 00007000 08:05 1844210                    /usr/lib/jvm/java-11-openjdk-amd64/lib/libzip.so
7fe9d52f4000-7fe9d52f5000 rw-p 00008000 08:05 1844210                    /usr/lib/jvm/java-11-openjdk-amd64/lib/libzip.so
7fe9d52f5000-7fe9d52fd000 rw-s 00000000 08:05 1577395                    /tmp/hsperfdata_suriya/13611
7fe9d52fd000-7fe9d52ff000 r--p 00000000 08:05 1844184                    /usr/lib/jvm/java-11-openjdk-amd64/lib/libinstrument.so
7fe9d52ff000-7fe9d5305000 r-xp 00002000 08:05 1844184                    /usr/lib/jvm/java-11-openjdk-amd64/lib/libinstrument.so
7fe9d5305000-7fe9d5308000 r--p 00008000 08:05 1844184                    /usr/lib/jvm/java-11-openjdk-amd64/lib/libinstrument.so
7fe9d5308000-7fe9d5309000 r--p 0000a000 08:05 1844184                    /usr/lib/jvm/java-11-openjdk-amd64/lib/libinstrument.so
7fe9d5309000-7fe9d530a000 rw-p 0000b000 08:05 1844184                    /usr/lib/jvm/java-11-openjdk-amd64/lib/libinstrument.so
7fe9d530a000-7fe9d530c000 r--p 00000000 08:05 1844192                    /usr/lib/jvm/java-11-openjdk-amd64/lib/libjdwp.so
7fe9d530c000-7fe9d5338000 r-xp 00002000 08:05 1844192                    /usr/lib/jvm/java-11-openjdk-amd64/lib/libjdwp.so
7fe9d5338000-7fe9d5346000 r--p 0002e000 08:05 1844192                    /usr/lib/jvm/java-11-openjdk-amd64/lib/libjdwp.so
7fe9d5346000-7fe9d5347000 r--p 0003b000 08:05 1844192                    /usr/lib/jvm/java-11-openjdk-amd64/lib/libjdwp.so
7fe9d5347000-7fe9d5348000 rw-p 0003c000 08:05 1844192                    /usr/lib/jvm/java-11-openjdk-amd64/lib/libjdwp.so
7fe9d5348000-7fe9d5349000 ---p 00000000 00:00 0 
7fe9d5349000-7fe9d534a000 r--p 00000000 00:00 0 
7fe9d534a000-7fe9d5358000 r--p 00000000 08:05 1844189                    /usr/lib/jvm/java-11-openjdk-amd64/lib/libjava.so
7fe9d5358000-7fe9d536e000 r-xp 0000e000 08:05 1844189                    /usr/lib/jvm/java-11-openjdk-amd64/lib/libjava.so
7fe9d536e000-7fe9d5375000 r--p 00024000 08:05 1844189                    /usr/lib/jvm/java-11-openjdk-amd64/lib/libjava.so
7fe9d5375000-7fe9d5376000 r--p 0002a000 08:05 1844189                    /usr/lib/jvm/java-11-openjdk-amd64/lib/libjava.so
7fe9d5376000-7fe9d5378000 rw-p 0002b000 08:05 1844189                    /usr/lib/jvm/java-11-openjdk-amd64/lib/libjava.so
7fe9d5378000-7fe9d537b000 r--p 00000000 08:05 1712788                    /usr/lib/x86_64-linux-gnu/librt-2.31.so
7fe9d537b000-7fe9d537f000 r-xp 00003000 08:05 1712788                    /usr/lib/x86_64-linux-gnu/librt-2.31.so
7fe9d537f000-7fe9d5380000 r--p 00007000 08:05 1712788                    /usr/lib/x86_64-linux-gnu/librt-2.31.so
7fe9d5380000-7fe9d5381000 ---p 00008000 08:05 1712788                    /usr/lib/x86_64-linux-gnu/librt-2.31.so
7fe9d5381000-7fe9d5382000 r--p 00008000 08:05 1712788                    /usr/lib/x86_64-linux-gnu/librt-2.31.so
7fe9d5382000-7fe9d5383000 rw-p 00009000 08:05 1712788                    /usr/lib/x86_64-linux-gnu/librt-2.31.so
7fe9d5383000-7fe9d5387000 ---p 00000000 00:00 0 
7fe9d5387000-7fe9d5484000 rw-p 00000000 00:00 0 
7fe9d5484000-7fe9d5487000 r--p 00000000 08:05 1712109                    /usr/lib/x86_64-linux-gnu/libgcc_s.so.1
7fe9d5487000-7fe9d5499000 r-xp 00003000 08:05 1712109                    /usr/lib/x86_64-linux-gnu/libgcc_s.so.1
7fe9d5499000-7fe9d549d000 r--p 00015000 08:05 1712109                    /usr/lib/x86_64-linux-gnu/libgcc_s.so.1
7fe9d549d000-7fe9d549e000 r--p 00018000 08:05 1712109                    /usr/lib/x86_64-linux-gnu/libgcc_s.so.1
7fe9d549e000-7fe9d549f000 rw-p 00019000 08:05 1712109                    /usr/lib/x86_64-linux-gnu/libgcc_s.so.1
7fe9d549f000-7fe9d54ae000 r--p 00000000 08:05 1712462                    /usr/lib/x86_64-linux-gnu/libm-2.31.so
7fe9d54ae000-7fe9d5555000 r-xp 0000f000 08:05 1712462                    /usr/lib/x86_64-linux-gnu/libm-2.31.so
7fe9d5555000-7fe9d55ec000 r--p 000b6000 08:05 1712462                    /usr/lib/x86_64-linux-gnu/libm-2.31.so
7fe9d55ec000-7fe9d55ed000 r--p 0014c000 08:05 1712462                    /usr/lib/x86_64-linux-gnu/libm-2.31.so
7fe9d55ed000-7fe9d55ee000 rw-p 0014d000 08:05 1712462                    /usr/lib/x86_64-linux-gnu/libm-2.31.so
7fe9d55ee000-7fe9d5684000 r--p 00000000 08:05 1712890                    /usr/lib/x86_64-linux-gnu/libstdc++.so.6.0.28
7fe9d5684000-7fe9d5774000 r-xp 00096000 08:05 1712890                    /usr/lib/x86_64-linux-gnu/libstdc++.so.6.0.28
7fe9d5774000-7fe9d57bd000 r--p 00186000 08:05 1712890                    /usr/lib/x86_64-linux-gnu/libstdc++.so.6.0.28
7fe9d57bd000-7fe9d57be000 ---p 001cf000 08:05 1712890                    /usr/lib/x86_64-linux-gnu/libstdc++.so.6.0.28
7fe9d57be000-7fe9d57c9000 r--p 001cf000 08:05 1712890                    /usr/lib/x86_64-linux-gnu/libstdc++.so.6.0.28
7fe9d57c9000-7fe9d57cc000 rw-p 001da000 08:05 1712890                    /usr/lib/x86_64-linux-gnu/libstdc++.so.6.0.28
7fe9d57cc000-7fe9d57cf000 rw-p 00000000 00:00 0 
7fe9d57cf000-7fe9d5a3c000 r--p 00000000 08:05 1844216                    /usr/lib/jvm/java-11-openjdk-amd64/lib/server/libjvm.so
7fe9d5a3c000-7fe9d65cf000 r-xp 0026d000 08:05 1844216                    /usr/lib/jvm/java-11-openjdk-amd64/lib/server/libjvm.so
7fe9d65cf000-7fe9d6805000 r--p 00e00000 08:05 1844216                    /usr/lib/jvm/java-11-openjdk-amd64/lib/server/libjvm.so
7fe9d6805000-7fe9d6806000 ---p 01036000 08:05 1844216                    /usr/lib/jvm/java-11-openjdk-amd64/lib/server/libjvm.so
7fe9d6806000-7fe9d68c3000 r--p 01036000 08:05 1844216                    /usr/lib/jvm/java-11-openjdk-amd64/lib/server/libjvm.so
7fe9d68c3000-7fe9d68fd000 rw-p 010f3000 08:05 1844216                    /usr/lib/jvm/java-11-openjdk-amd64/lib/server/libjvm.so
7fe9d68fd000-7fe9d6955000 rw-p 00000000 00:00 0 
7fe9d6955000-7fe9d695c000 r--p 00000000 08:05 1712727                    /usr/lib/x86_64-linux-gnu/libpthread-2.31.so
7fe9d695c000-7fe9d696d000 r-xp 00007000 08:05 1712727                    /usr/lib/x86_64-linux-gnu/libpthread-2.31.so
7fe9d696d000-7fe9d6972000 r--p 00018000 08:05 1712727                    /usr/lib/x86_64-linux-gnu/libpthread-2.31.so
7fe9d6972000-7fe9d6973000 r--p 0001c000 08:05 1712727                    /usr/lib/x86_64-linux-gnu/libpthread-2.31.so
7fe9d6973000-7fe9d6974000 rw-p 0001d000 08:05 1712727                    /usr/lib/x86_64-linux-gnu/libpthread-2.31.so
7fe9d6974000-7fe9d6978000 rw-p 00000000 00:00 0 
7fe9d6978000-7fe9d6979000 r--p 00000000 08:05 1711959                    /usr/lib/x86_64-linux-gnu/libdl-2.31.so
7fe9d6979000-7fe9d697b000 r-xp 00001000 08:05 1711959                    /usr/lib/x86_64-linux-gnu/libdl-2.31.so
7fe9d697b000-7fe9d697c000 r--p 00003000 08:05 1711959                    /usr/lib/x86_64-linux-gnu/libdl-2.31.so
7fe9d697c000-7fe9d697d000 r--p 00003000 08:05 1711959                    /usr/lib/x86_64-linux-gnu/libdl-2.31.so
7fe9d697d000-7fe9d697e000 rw-p 00004000 08:05 1711959                    /usr/lib/x86_64-linux-gnu/libdl-2.31.so
7fe9d697e000-7fe9d6980000 r--p 00000000 08:05 1713152                    /usr/lib/x86_64-linux-gnu/libz.so.1.2.11
7fe9d6980000-7fe9d6991000 r-xp 00002000 08:05 1713152                    /usr/lib/x86_64-linux-gnu/libz.so.1.2.11
7fe9d6991000-7fe9d6997000 r--p 00013000 08:05 1713152                    /usr/lib/x86_64-linux-gnu/libz.so.1.2.11
7fe9d6997000-7fe9d6998000 ---p 00019000 08:05 1713152                    /usr/lib/x86_64-linux-gnu/libz.so.1.2.11
7fe9d6998000-7fe9d6999000 r--p 00019000 08:05 1713152                    /usr/lib/x86_64-linux-gnu/libz.so.1.2.11
7fe9d6999000-7fe9d699a000 rw-p 0001a000 08:05 1713152                    /usr/lib/x86_64-linux-gnu/libz.so.1.2.11
7fe9d699a000-7fe9d69bf000 r--p 00000000 08:05 1711824                    /usr/lib/x86_64-linux-gnu/libc-2.31.so
7fe9d69bf000-7fe9d6b37000 r-xp 00025000 08:05 1711824                    /usr/lib/x86_64-linux-gnu/libc-2.31.so
7fe9d6b37000-7fe9d6b81000 r--p 0019d000 08:05 1711824                    /usr/lib/x86_64-linux-gnu/libc-2.31.so
7fe9d6b81000-7fe9d6b82000 ---p 001e7000 08:05 1711824                    /usr/lib/x86_64-linux-gnu/libc-2.31.so
7fe9d6b82000-7fe9d6b85000 r--p 001e7000 08:05 1711824                    /usr/lib/x86_64-linux-gnu/libc-2.31.so
7fe9d6b85000-7fe9d6b88000 rw-p 001ea000 08:05 1711824                    /usr/lib/x86_64-linux-gnu/libc-2.31.so
7fe9d6b88000-7fe9d6b8c000 rw-p 00000000 00:00 0 
7fe9d6b8d000-7fe9d6b92000 r--p 00000000 08:05 1844209                    /usr/lib/jvm/java-11-openjdk-amd64/lib/libverify.so
7fe9d6b92000-7fe9d6b99000 r-xp 00005000 08:05 1844209                    /usr/lib/jvm/java-11-openjdk-amd64/lib/libverify.so
7fe9d6b99000-7fe9d6b9b000 r--p 0000c000 08:05 1844209                    /usr/lib/jvm/java-11-openjdk-amd64/lib/libverify.so
7fe9d6b9b000-7fe9d6b9c000 ---p 0000e000 08:05 1844209                    /usr/lib/jvm/java-11-openjdk-amd64/lib/libverify.so
7fe9d6b9c000-7fe9d6b9e000 r--p 0000e000 08:05 1844209                    /usr/lib/jvm/java-11-openjdk-amd64/lib/libverify.so
7fe9d6b9e000-7fe9d6b9f000 rw-p 00010000 08:05 1844209                    /usr/lib/jvm/java-11-openjdk-amd64/lib/libverify.so
7fe9d6b9f000-7fe9d6ba2000 r--p 00000000 08:05 1844173                    /usr/lib/jvm/java-11-openjdk-amd64/lib/jli/libjli.so
7fe9d6ba2000-7fe9d6bac000 r-xp 00003000 08:05 1844173                    /usr/lib/jvm/java-11-openjdk-amd64/lib/jli/libjli.so
7fe9d6bac000-7fe9d6baf000 r--p 0000d000 08:05 1844173                    /usr/lib/jvm/java-11-openjdk-amd64/lib/jli/libjli.so
7fe9d6baf000-7fe9d6bb0000 r--p 0000f000 08:05 1844173                    /usr/lib/jvm/java-11-openjdk-amd64/lib/jli/libjli.so
7fe9d6bb0000-7fe9d6bb1000 rw-p 00010000 08:05 1844173                    /usr/lib/jvm/java-11-openjdk-amd64/lib/jli/libjli.so
7fe9d6bb1000-7fe9d6bb3000 rw-p 00000000 00:00 0 
7fe9d6bb3000-7fe9d6bb4000 r--p 00000000 08:05 1711611                    /usr/lib/x86_64-linux-gnu/ld-2.31.so
7fe9d6bb4000-7fe9d6bd7000 r-xp 00001000 08:05 1711611                    /usr/lib/x86_64-linux-gnu/ld-2.31.so
7fe9d6bd7000-7fe9d6bdf000 r--p 00024000 08:05 1711611                    /usr/lib/x86_64-linux-gnu/ld-2.31.so
7fe9d6be0000-7fe9d6be1000 r--p 0002c000 08:05 1711611                    /usr/lib/x86_64-linux-gnu/ld-2.31.so
7fe9d6be1000-7fe9d6be2000 rw-p 0002d000 08:05 1711611                    /usr/lib/x86_64-linux-gnu/ld-2.31.so
7fe9d6be2000-7fe9d6be3000 rw-p 00000000 00:00 0 
7fff9f9ed000-7fff9fa10000 rw-p 00000000 00:00 0                          [stack]
7fff9fb9a000-7fff9fb9d000 r--p 00000000 00:00 0                          [vvar]
7fff9fb9d000-7fff9fb9e000 r-xp 00000000 00:00 0                          [vdso]
ffffffffff600000-ffffffffff601000 --xp 00000000 00:00 0                  [vsyscall]


VM Arguments:
jvm_args: -agentlib:jdwp=transport=dt_socket,suspend=y,address=localhost:40777 -Dcom.sun.management.jmxremote -Dcom.sun.management.jmxremote.port=37571 -Dcom.sun.management.jmxremote.authenticate=false -Dcom.sun.management.jmxremote.ssl=false -Djava.rmi.server.hostname=localhost -Dspring.jmx.enabled=true -Dspring.application.admin.enabled=true -Djava.security.egd=file:/dev/./urandom -Xverify:none -XX:TieredStopAtLevel=1 -Dspring.boot.project.name=patient-info-parser -javaagent:/home/suriya/Work/Softwares/sts-4.6.2.RELEASE/configuration/org.eclipse.osgi/239/0/.cp/lib/javaagent-shaded.jar -Dfile.encoding=UTF-8 
java_command: com.content.parser.PatientInfoParserApplication --spring.output.ansi.enabled=always
java_class_path (initial): /home/suriya/Work/ws/projects/patient-info-parser/bin/main:/home/suriya/.gradle/caches/modules-2/files-2.1/org.projectlombok/lombok/1.18.12/48e4e5d60309ebd833bc528dcf77668eab3cd72c/lombok-1.18.12.jar:/home/suriya/.gradle/caches/modules-2/files-2.1/com.fasterxml.jackson.dataformat/jackson-dataformat-xml/2.11.2/5e6166949f917eebfb2756fff0a8358e09d67516/jackson-dataformat-xml-2.11.2.jar:/home/suriya/.gradle/caches/modules-2/files-2.1/io.springfox/springfox-swagger-ui/2.9.2/d542382a88ff3ea8d4032c28b2b0325797fada7d/springfox-swagger-ui-2.9.2.jar:/home/suriya/.gradle/caches/modules-2/files-2.1/io.springfox/springfox-swagger2/2.9.2/362676bc7f4c6f9f1d568741becab0dfc198c898/springfox-swagger2-2.9.2.jar:/home/suriya/.gradle/caches/modules-2/files-2.1/org.springframework.boot/spring-boot-starter-web/2.3.3.RELEASE/d38db3c19ba4bc114aaa4febfc1d89cd8725822d/spring-boot-starter-web-2.3.3.RELEASE.jar:/home/suriya/.gradle/caches/modules-2/files-2.1/com.fasterxml.jackson.module/jackson-module-jaxb-annotations/2.11.2/8f3be3a394bb8511a0460794a98dcd0d64989e5d/jackson-module-jaxb-annotations-2.11.2.jar:/home/suriya/.gradle/caches/modules-2/files-2.1/org.springframework.boot/spring-boot-starter-json/2.3.3.RELEASE/8c40b22a0635989ecc58f35d82fd55445be8822f/spring-boot-starter-json-2.3.3.RELEASE.jar:/home/suriya/.gradle/caches/modules-2/files-2.1/com.fasterxml.jackson.datatype/jackson-datatype-jdk8/2.11.2/d4c1933a8d62db65c3d5a5cd809511e021a189c0/jackson-datatype-jdk8-2.11.2.jar:/home/suriya/.gradle/caches/modules-2/files-2.1/com.fasterxml.jackson.datatype/jackson-datatype-jsr310/2.11.2/e6235e5eb3cf3edd2a95cd0dc96bc48aeb309e8a/jackson-datatype-jsr310-2.11.2.jar:/home/suriya/.gradle/caches/modules-2/files-2.1/com.fasterxml.jackson.module/jackson-module-parameter-names/2.11.2/c0dc526fcef5a3aae0273fc516ecf3505f7a5de8/jackson-module-parameter-names-2.11.2.jar:/home/suriya/.gradle/caches/modules-2/files-2.1/com.fasterxml.jackson.core/jackson-databind/2.11.2/ee08bbd8975dde
Launcher Type: SUN_STANDARD

[Global flags]
     bool BytecodeVerificationLocal                = false                                     {product} {command line}
     bool BytecodeVerificationRemote               = false                                     {product} {command line}
     intx CICompilerCount                          = 3                                         {product} {ergonomic}
     uint ConcGCThreads                            = 1                                         {product} {ergonomic}
     uint G1ConcRefinementThreads                  = 4                                         {product} {ergonomic}
   size_t G1HeapRegionSize                         = 1048576                                   {product} {ergonomic}
    uintx GCDrainStackTargetSize                   = 64                                        {product} {ergonomic}
   size_t InitialHeapSize                          = 132120576                                 {product} {ergonomic}
     bool ManagementServer                         = true                                      {product} {command line}
   size_t MarkStackSize                            = 4194304                                   {product} {ergonomic}
   size_t MaxHeapSize                              = 2088763392                                {product} {ergonomic}
   size_t MaxNewSize                               = 1253048320                                {product} {ergonomic}
   size_t MinHeapDeltaBytes                        = 1048576                                   {product} {ergonomic}
    uintx NonNMethodCodeHeapSize                   = 6973028                                {pd product} {ergonomic}
    uintx NonProfiledCodeHeapSize                  = 244685212                              {pd product} {ergonomic}
    uintx ProfiledCodeHeapSize                     = 0                                      {pd product} {ergonomic}
    uintx ReservedCodeCacheSize                    = 251658240                              {pd product} {ergonomic}
     bool SegmentedCodeCache                       = true                                      {product} {ergonomic}
     intx TieredStopAtLevel                        = 1                                         {product} {command line}
     bool UseCompressedClassPointers               = true                                 {lp64_product} {ergonomic}
     bool UseCompressedOops                        = true                                 {lp64_product} {ergonomic}
     bool UseG1GC                                  = true                                      {product} {ergonomic}

Logging:
Log output configuration:
 #0: stdout all=warning uptime,level,tags
 #1: stderr all=off uptime,level,tags

Environment Variables:
PATH=/usr/local/sbin:/usr/local/bin:/usr/sbin:/usr/bin:/sbin:/bin:/usr/games:/usr/local/games:/snap/bin
USERNAME=suriya
SHELL=/bin/bash
DISPLAY=:0

Signal Handlers:
SIGSEGV: [libjvm.so+0xd8cfb0], sa_mask[0]=11111111011111111101111111111110, sa_flags=SA_RESTART|SA_SIGINFO
SIGBUS: [libjvm.so+0xd8cfb0], sa_mask[0]=11111111011111111101111111111110, sa_flags=SA_RESTART|SA_SIGINFO
SIGFPE: [libjvm.so+0xd8cfb0], sa_mask[0]=11111111011111111101111111111110, sa_flags=SA_RESTART|SA_SIGINFO
SIGPIPE: [libjvm.so+0xb85c00], sa_mask[0]=11111111011111111101111111111110, sa_flags=SA_RESTART|SA_SIGINFO
SIGXFSZ: [libjvm.so+0xb85c00], sa_mask[0]=11111111011111111101111111111110, sa_flags=SA_RESTART|SA_SIGINFO
SIGILL: [libjvm.so+0xd8cfb0], sa_mask[0]=11111111011111111101111111111110, sa_flags=SA_RESTART|SA_SIGINFO
SIGUSR2: [libjvm.so+0xb85aa0], sa_mask[0]=00100000000000000000000000000000, sa_flags=SA_RESTART|SA_SIGINFO
SIGHUP: [libjvm.so+0xb85f40], sa_mask[0]=11111111011111111101111111111110, sa_flags=SA_RESTART|SA_SIGINFO
SIGINT: [libjvm.so+0xb85f40], sa_mask[0]=11111111011111111101111111111110, sa_flags=SA_RESTART|SA_SIGINFO
SIGTERM: [libjvm.so+0xb85f40], sa_mask[0]=11111111011111111101111111111110, sa_flags=SA_RESTART|SA_SIGINFO
SIGQUIT: [libjvm.so+0xb85f40], sa_mask[0]=11111111011111111101111111111110, sa_flags=SA_RESTART|SA_SIGINFO


---------------  S Y S T E M  ---------------

OS:DISTRIB_ID=Ubuntu
DISTRIB_RELEASE=20.04
DISTRIB_CODENAME=focal
DISTRIB_DESCRIPTION="Ubuntu 20.04 LTS"
uname:Linux 5.4.0-33-generic #37-Ubuntu SMP Thu May 21 12:53:59 UTC 2020 x86_64
OS uptime: 0 days 2:15 hours
libc:glibc 2.31 NPTL 2.31 
rlimit: STACK 8192k, CORE 0k, NPROC 31627, NOFILE 1048576, AS infinity, CPU infinity, DATA infinity, FSIZE infinity
load average:0.72 0.93 0.85

/proc/meminfo:
MemTotal:        8152856 kB
MemFree:          401232 kB
MemAvailable:    2834856 kB
Buffers:          195556 kB
Cached:          2541632 kB
SwapCached:           76 kB
Active:          5779168 kB
Inactive:        1590464 kB
Active(anon):    4486340 kB
Inactive(anon):   304180 kB
Active(file):    1292828 kB
Inactive(file):  1286284 kB
Unevictable:         144 kB
Mlocked:             144 kB
SwapTotal:       1435264 kB
SwapFree:        1434484 kB
Dirty:               112 kB
Writeback:             0 kB
AnonPages:       4632600 kB
Mapped:           884180 kB
Shmem:            162988 kB
KReclaimable:     147592 kB
Slab:             256784 kB
SReclaimable:     147592 kB
SUnreclaim:       109192 kB
KernelStack:       21712 kB
PageTables:        45372 kB
NFS_Unstable:          0 kB
Bounce:                0 kB
WritebackTmp:          0 kB
CommitLimit:     5511692 kB
Committed_AS:   11213448 kB
VmallocTotal:   34359738367 kB
VmallocUsed:       46812 kB
VmallocChunk:          0 kB
Percpu:             3344 kB
HardwareCorrupted:     0 kB
AnonHugePages:         0 kB
ShmemHugePages:        0 kB
ShmemPmdMapped:        0 kB
FileHugePages:         0 kB
FilePmdMapped:         0 kB
CmaTotal:              0 kB
CmaFree:               0 kB
HugePages_Total:       0
HugePages_Free:        0
HugePages_Rsvd:        0
HugePages_Surp:        0
Hugepagesize:       2048 kB
Hugetlb:               0 kB
DirectMap4k:      225216 kB
DirectMap2M:     8163328 kB


/proc/sys/kernel/threads-max (system-wide limit on the number of threads):
63254


/proc/sys/vm/max_map_count (maximum number of memory map areas a process may have):
65530


/proc/sys/kernel/pid_max (system-wide limit on number of process identifiers):
4194304



container (cgroup) information:
container_type: cgroupv1
cpu_cpuset_cpus: 0-3
cpu_memory_nodes: 0
active_processor_count: 4
cpu_quota: -1
cpu_period: 100000
cpu_shares: -1
memory_limit_in_bytes: -1
memory_and_swap_limit_in_bytes: -2
memory_soft_limit_in_bytes: -1
memory_usage_in_bytes: 6665314304
memory_max_usage_in_bytes: 6950305792

KVM virtualization detected
Steal ticks since vm start: 0
Steal ticks percentage since vm start:  0.000

CPU:total 4 (initial active 4) (4 cores per cpu, 1 threads per core) family 6 model 158 stepping 13, cmov, cx8, fxsr, mmx, sse, sse2, sse3, ssse3, sse4.1, sse4.2, popcnt, avx, avx2, aes, clmul, 3dnowpref, lzcnt, tsc, tscinvbit
CPU Model and flags from /proc/cpuinfo:
model name	: Intel(R) Core(TM) i9-9980HK CPU @ 2.40GHz
flags		: fpu vme de pse tsc msr pae mce cx8 apic sep mtrr pge mca cmov pat pse36 clflush mmx fxsr sse sse2 ht syscall nx rdtscp lm constant_tsc rep_good nopl xtopology nonstop_tsc cpuid tsc_known_freq pni pclmulqdq ssse3 cx16 pcid sse4_1 sse4_2 x2apic movbe popcnt aes xsave avx rdrand hypervisor lahf_lm abm 3dnowprefetch invpcid_single fsgsbase avx2 invpcid rdseed clflushopt md_clear flush_l1d arch_capabilities

Memory: 4k page, physical 8152856k(401232k free), swap 1435264k(1434484k free)

vm_info: OpenJDK 64-Bit Server VM (11.0.7+10-post-Ubuntu-3ubuntu1) for linux-amd64 JRE (11.0.7+10-post-Ubuntu-3ubuntu1), built on Apr 16 2020 12:54:17 by "unknown" with gcc 9.3.0

END.
